Using pre-set license
Built from '2020.3/release' branch; Version is '2020.3.12f1 (b3b2c6512326) revision 11776710'; Using compiler version '192528614'; Build Type 'Release'
OS: 'Windows 10 Home; OS build 19042.1165; Version 2009; 64bit' Language: 'zh' Physical Memory: 8108 MB
BatchMode: 1, IsHumanControllingUs: 0, StartBugReporterOnCrash: 0, Is64bit: 1, IsPro: 0

 COMMAND LINE ARGUMENTS:
C:\2020.3.12f1\Editor\Unity.exe
-adb2
-batchMode
-noUpm
-name
AssetImportWorker1
-projectPath
E:/unity/unity-/3D game
-logFile
Logs/AssetImportWorker1.log
-srvPort
50580
Successfully changed project path to: E:/unity/unity-/3D game
E:/unity/unity-/3D game
Using Asset Import Pipeline V2.
Refreshing native plugins compatible for Editor in 253.42 ms, found 2 plugins.
Preloading 0 native plugins for Editor in 0.00 ms.
Initialize engine version: 2020.3.12f1 (b3b2c6512326)
[Subsystems] Discovering subsystems at path C:/2020.3.12f1/Editor/Data/Resources/UnitySubsystems
[Subsystems] Discovering subsystems at path E:/unity/unity-/3D game/Assets
GfxDevice: creating device client; threaded=0
Direct3D:
    Version:  Direct3D 11.0 [level 11.1]
    Renderer: Intel(R) UHD Graphics 620 (ID=0x5917)
    Vendor:   
    VRAM:     4054 MB
    Driver:   27.20.100.8681
Initialize mono
Mono path[0] = 'C:/2020.3.12f1/Editor/Data/Managed'
Mono path[1] = 'C:/2020.3.12f1/Editor/Data/MonoBleedingEdge/lib/mono/unityjit'
Mono config path = 'C:/2020.3.12f1/Editor/Data/MonoBleedingEdge/etc'
Using monoOptions --debugger-agent=transport=dt_socket,embedding=1,server=y,suspend=n,address=127.0.0.1:56568
Begin MonoManager ReloadAssembly
Registering precompiled unity dll's ...
Register platform support module: C:/2020.3.12f1/Editor/Data/PlaybackEngines/WindowsStandaloneSupport/UnityEditor.WindowsStandalone.Extensions.dll
Registered in 0.007470 seconds.
Native extension for WindowsStandalone target not found
Refreshing native plugins compatible for Editor in 183.09 ms, found 2 plugins.
Preloading 0 native plugins for Editor in 0.00 ms.
Mono: successfully reloaded assembly
- Completed reload, in  4.945 seconds
Platform modules already initialized, skipping
Registering precompiled user dll's ...
Registered in 0.035435 seconds.
Begin MonoManager ReloadAssembly
Native extension for WindowsStandalone target not found
Refreshing native plugins compatible for Editor in 0.67 ms, found 2 plugins.
Preloading 0 native plugins for Editor in 0.00 ms.
Mono: successfully reloaded assembly
- Completed reload, in  4.576 seconds
Platform modules already initialized, skipping
========================================================================
Worker process is ready to serve import requests
Launched and connected shader compiler UnityShaderCompiler.exe after 0.18 seconds
Refreshing native plugins compatible for Editor in 0.63 ms, found 2 plugins.
Preloading 0 native plugins for Editor in 0.00 ms.
Unloading 1526 Unused Serialized files (Serialized files now loaded: 0)
System memory in use before: 70.5 MB.
System memory in use after: 70.5 MB.

Unloading 23 unused Assets to reduce memory usage. Loaded Objects now: 1955.
Total: 3.890600 ms (FindLiveObjects: 0.326400 ms CreateObjectMapping: 0.097700 ms MarkObjects: 3.316900 ms  DeleteObjects: 0.146200 ms)

AssetImportParameters requested are different than current active one (requested -> active):
  custom:framework-win-MediaFoundation: 216162199b28c13a410421893ffa2e32 -> 
  custom:video-decoder-ogg-theora: a1e56fd34408186e4bbccfd4996cb3dc -> 
  custom:container-muxer-webm: aa71ff27fc2769a1b78a27578f13a17b -> 
  custom:container-demuxer-webm: 4f35f7cbe854078d1ac9338744f61a02 -> 
  custom:container-demuxer-ogg: 62fdf1f143b41e24485cea50d1cbac27 -> 
  custom:video-encoder-webm-vp8: eb34c28f22e8b96e1ab97ce403110664 -> 
  custom:video-codec-MediaFoundation-h265: 746d11721c4dcdbdad8f713fa42b33f4 -> 
  custom:video-decoder-webm-vp8: 9c59270c3fd7afecdb556c50c9e8de78 -> 
  custom:audio-decoder-ogg-vorbis: bf7c407c2cedff20999df2af8eb42d56 -> 
  custom:audio-encoder-webm-vorbis: bf7c407c2cedff20999df2af8eb42d56 -> 
========================================================================
Received Import Request.
  path: Assets/RPG_FPS_game_assets_industrial/Buildings/Industrial/Hangars/Hangar_v1/Hangar_v1_full.prefab
  artifactKey: Guid(95c00f442e3cf3643b2062e8e0d0bbd6) Importer(815301076,1909f56bfc062723c751e8b465ee728b)
Start importing Assets/RPG_FPS_game_assets_industrial/Buildings/Industrial/Hangars/Hangar_v1/Hangar_v1_full.prefab using Guid(95c00f442e3cf3643b2062e8e0d0bbd6) Importer(815301076,1909f56bfc062723c751e8b465ee728b)  -> (artifact id: 'c45c1cc0dae3e33582846743736220e7') in 0.586035 seconds 
  Import took 0.592244 seconds .

========================================================================
Received Import Request.
  Time since last request: 0.000462 seconds.
  path: Assets/RPG_FPS_game_assets_industrial/Buildings/Industrial/Hangars
  artifactKey: Guid(4c982f4402ca9a4408e37318a25a79ec) Importer(815301076,1909f56bfc062723c751e8b465ee728b)
Start importing Assets/RPG_FPS_game_assets_industrial/Buildings/Industrial/Hangars using Guid(4c982f4402ca9a4408e37318a25a79ec) Importer(815301076,1909f56bfc062723c751e8b465ee728b)  -> (artifact id: 'eb44cf0617b2f9e574b42b07f21e2efc') in 0.015069 seconds 
  Import took 0.022486 seconds .

========================================================================
Received Import Request.
  Time since last request: 0.000466 seconds.
  path: Assets/RPG_FPS_game_assets_industrial
  artifactKey: Guid(a73e482e1192df44da40dc846bbcd047) Importer(815301076,1909f56bfc062723c751e8b465ee728b)
Start importing Assets/RPG_FPS_game_assets_industrial using Guid(a73e482e1192df44da40dc846bbcd047) Importer(815301076,1909f56bfc062723c751e8b465ee728b)  -> (artifact id: '80e9af3dadf20c44c3add25fc144553c') in 0.017448 seconds 
  Import took 0.023018 seconds .

========================================================================
Received Import Request.
  Time since last request: 0.000397 seconds.
  path: Assets/RPG_FPS_game_assets_industrial/Buildings/Industrial
  artifactKey: Guid(10349e73b5ac8e24e8806240d4629f63) Importer(815301076,1909f56bfc062723c751e8b465ee728b)
Start importing Assets/RPG_FPS_game_assets_industrial/Buildings/Industrial using Guid(10349e73b5ac8e24e8806240d4629f63) Importer(815301076,1909f56bfc062723c751e8b465ee728b)  -> (artifact id: '2f468f8295da3d7498635f387c768af7') in 0.020601 seconds 
  Import took 0.031096 seconds .

========================================================================
Received Import Request.
  Time since last request: 0.001171 seconds.
  path: Assets/RPG_FPS_game_assets_industrial/Barrels
  artifactKey: Guid(5e08619e167fbc04ea4c8c676ef68107) Importer(815301076,1909f56bfc062723c751e8b465ee728b)
Start importing Assets/RPG_FPS_game_assets_industrial/Barrels using Guid(5e08619e167fbc04ea4c8c676ef68107) Importer(815301076,1909f56bfc062723c751e8b465ee728b)  -> (artifact id: '3b00671271fa47781a4462937402bc33') in 0.022109 seconds 
  Import took 0.028738 seconds .

========================================================================
Received Import Request.
  Time since last request: 0.000603 seconds.
  path: Assets/RPG_FPS_game_assets_industrial/Buildings
  artifactKey: Guid(a72a9631e12630c48853eb7cdbf86ad8) Importer(815301076,1909f56bfc062723c751e8b465ee728b)
Start importing Assets/RPG_FPS_game_assets_industrial/Buildings using Guid(a72a9631e12630c48853eb7cdbf86ad8) Importer(815301076,1909f56bfc062723c751e8b465ee728b)  -> (artifact id: '32a97024b93543945c599da5d2f328a6') in 0.019203 seconds 
  Import took 0.027950 seconds .

========================================================================
Received Import Request.
  Time since last request: 0.000365 seconds.
  path: Assets/RPG_FPS_game_assets_industrial/Buildings/Industrial/Hangars/Hangar_v1
  artifactKey: Guid(4c8023777983aac40b22a680df794308) Importer(815301076,1909f56bfc062723c751e8b465ee728b)
Start importing Assets/RPG_FPS_game_assets_industrial/Buildings/Industrial/Hangars/Hangar_v1 using Guid(4c8023777983aac40b22a680df794308) Importer(815301076,1909f56bfc062723c751e8b465ee728b)  -> (artifact id: 'c5aeea5fa552d60ad650f53651db0c4d') in 0.020396 seconds 
  Import took 0.028298 seconds .

========================================================================
Received Import Request.
  Time since last request: 0.000492 seconds.
  path: Assets/RPG_FPS_game_assets_industrial/Buildings/Industrial/Hangars/Hangar_v1/Hangar_v1_half.prefab
  artifactKey: Guid(96c565084cc73634bb2bb33e2d79d426) Importer(815301076,1909f56bfc062723c751e8b465ee728b)
Start importing Assets/RPG_FPS_game_assets_industrial/Buildings/Industrial/Hangars/Hangar_v1/Hangar_v1_half.prefab using Guid(96c565084cc73634bb2bb33e2d79d426) Importer(815301076,1909f56bfc062723c751e8b465ee728b)  -> (artifact id: 'e2592e35be864a44e652bee76081df86') in 0.062225 seconds 
  Import took 0.068948 seconds .

========================================================================
Received Import Request.
  Time since last request: 349.678199 seconds.
  path: Assets/RPG_FPS_game_assets_industrial/Roads/Floor_elevation_sets
  artifactKey: Guid(4bf8f9f47cfd35c43b1b6f903e2931ff) Importer(815301076,1909f56bfc062723c751e8b465ee728b)
Start importing Assets/RPG_FPS_game_assets_industrial/Roads/Floor_elevation_sets using Guid(4bf8f9f47cfd35c43b1b6f903e2931ff) Importer(815301076,1909f56bfc062723c751e8b465ee728b)  -> (artifact id: '37e64026b9e9a2791ec48e4aceda2adb') in 0.014082 seconds 
  Import took 0.020891 seconds .

========================================================================
Received Import Request.
  Time since last request: 1.364426 seconds.
  path: Assets/RPG_FPS_game_assets_industrial/Roads/Road_sets
  artifactKey: Guid(eb6a258dc9bd40149ad4a7fb6463654f) Importer(815301076,1909f56bfc062723c751e8b465ee728b)
Start importing Assets/RPG_FPS_game_assets_industrial/Roads/Road_sets using Guid(eb6a258dc9bd40149ad4a7fb6463654f) Importer(815301076,1909f56bfc062723c751e8b465ee728b)  -> (artifact id: 'e1c9917788e3ae5f1de7a6d84446ba07') in 0.013282 seconds 
  Import took 0.017612 seconds .

========================================================================
Received Import Request.
  Time since last request: 0.898707 seconds.
  path: Assets/RPG_FPS_game_assets_industrial/Roads/Road_sets/Road_set_v1
  artifactKey: Guid(4e9dd78878ac0954db1d00c769955332) Importer(815301076,1909f56bfc062723c751e8b465ee728b)
Start importing Assets/RPG_FPS_game_assets_industrial/Roads/Road_sets/Road_set_v1 using Guid(4e9dd78878ac0954db1d00c769955332) Importer(815301076,1909f56bfc062723c751e8b465ee728b)  -> (artifact id: '8845d64aa6851791aecb6932422a62dd') in 0.013482 seconds 
  Import took 0.019145 seconds .

========================================================================
Received Import Request.
  Time since last request: 0.114600 seconds.
  path: Assets/RPG_FPS_game_assets_industrial/Roads/Road_sets/Road_set_v1/Road_set_v1_b_bend_1.prefab
  artifactKey: Guid(01fd6d8578da5054c80273c1d59d2cf9) Importer(815301076,1909f56bfc062723c751e8b465ee728b)
Start importing Assets/RPG_FPS_game_assets_industrial/Roads/Road_sets/Road_set_v1/Road_set_v1_b_bend_1.prefab using Guid(01fd6d8578da5054c80273c1d59d2cf9) Importer(815301076,1909f56bfc062723c751e8b465ee728b)  -> (artifact id: 'f7506b2c71e82e6901ea3465c1461d20') in 0.051340 seconds 
  Import took 0.056307 seconds .

========================================================================
Received Import Request.
  Time since last request: 0.000355 seconds.
  path: Assets/RPG_FPS_game_assets_industrial/Roads/Road_sets/Road_set_v1/Road_set_v1_road_up_1m_HD.prefab
  artifactKey: Guid(c626a5e84847ae34e81196b1c93c9f60) Importer(815301076,1909f56bfc062723c751e8b465ee728b)
Start importing Assets/RPG_FPS_game_assets_industrial/Roads/Road_sets/Road_set_v1/Road_set_v1_road_up_1m_HD.prefab using Guid(c626a5e84847ae34e81196b1c93c9f60) Importer(815301076,1909f56bfc062723c751e8b465ee728b)  -> (artifact id: 'cf1ca5d884ac81ace4578dc47cb8957e') in 0.061003 seconds 
  Import took 0.069219 seconds .

========================================================================
Received Import Request.
  Time since last request: 0.000714 seconds.
  path: Assets/RPG_FPS_game_assets_industrial/Roads/Road_sets/Road_set_v1/Road_set_v1_b_floor.prefab
  artifactKey: Guid(d803e729730d97a4e89edf13b602b3f4) Importer(815301076,1909f56bfc062723c751e8b465ee728b)
Start importing Assets/RPG_FPS_game_assets_industrial/Roads/Road_sets/Road_set_v1/Road_set_v1_b_floor.prefab using Guid(d803e729730d97a4e89edf13b602b3f4) Importer(815301076,1909f56bfc062723c751e8b465ee728b)  -> (artifact id: 'cb5d76d07ebe5fadaf72e5eb40689210') in 0.060924 seconds 
  Import took 0.070202 seconds .

========================================================================
Received Import Request.
  Time since last request: 0.000442 seconds.
  path: Assets/RPG_FPS_game_assets_industrial/Roads/Road_sets/Road_set_v1/Road_set_v1_b_bend_2.prefab
  artifactKey: Guid(edb53a232d99f4148bea36b9308e520e) Importer(815301076,1909f56bfc062723c751e8b465ee728b)
Start importing Assets/RPG_FPS_game_assets_industrial/Roads/Road_sets/Road_set_v1/Road_set_v1_b_bend_2.prefab using Guid(edb53a232d99f4148bea36b9308e520e) Importer(815301076,1909f56bfc062723c751e8b465ee728b)  -> (artifact id: '9ef3747b517860025700dce4e389d035') in 0.074093 seconds 
  Import took 0.082812 seconds .

========================================================================
Received Import Request.
  Time since last request: 0.000516 seconds.
  path: Assets/RPG_FPS_game_assets_industrial/Roads/Road_sets/Road_set_v1/Road_set_v1_b_bend_3.prefab
  artifactKey: Guid(8624fec68710fac43a04faf0b0c20667) Importer(815301076,1909f56bfc062723c751e8b465ee728b)
Start importing Assets/RPG_FPS_game_assets_industrial/Roads/Road_sets/Road_set_v1/Road_set_v1_b_bend_3.prefab using Guid(8624fec68710fac43a04faf0b0c20667) Importer(815301076,1909f56bfc062723c751e8b465ee728b)  -> (artifact id: '194cbf592f8cc816c6a4092ae31ebaee') in 0.086019 seconds 
  Import took 0.102350 seconds .

========================================================================
Received Import Request.
  Time since last request: 2.310310 seconds.
  path: Assets/RPG_FPS_game_assets_industrial/Roads/Road_sets/Road_set_v1/Road_set_v1_road_up_1m_LD.prefab
  artifactKey: Guid(5679dbafae207c647bfe22b5551bbeba) Importer(815301076,1909f56bfc062723c751e8b465ee728b)
Start importing Assets/RPG_FPS_game_assets_industrial/Roads/Road_sets/Road_set_v1/Road_set_v1_road_up_1m_LD.prefab using Guid(5679dbafae207c647bfe22b5551bbeba) Importer(815301076,1909f56bfc062723c751e8b465ee728b)  -> (artifact id: 'e430ef933de40f7e203b52a9a370a906') in 0.087303 seconds 
  Import took 0.096336 seconds .

========================================================================
Received Import Request.
  Time since last request: 0.000601 seconds.
  path: Assets/RPG_FPS_game_assets_industrial/Roads/Road_sets/Road_set_v1/Road_set_v1_road_up_3m_LD.prefab
  artifactKey: Guid(bc667769ec7fefe4bae11858e436c69b) Importer(815301076,1909f56bfc062723c751e8b465ee728b)
Start importing Assets/RPG_FPS_game_assets_industrial/Roads/Road_sets/Road_set_v1/Road_set_v1_road_up_3m_LD.prefab using Guid(bc667769ec7fefe4bae11858e436c69b) Importer(815301076,1909f56bfc062723c751e8b465ee728b)  -> (artifact id: '09bbddde848006f240ad9227057bc482') in 0.089177 seconds 
  Import took 0.099205 seconds .

========================================================================
Received Import Request.
  Time since last request: 0.000847 seconds.
  path: Assets/RPG_FPS_game_assets_industrial/Roads/Road_sets/Road_set_v1/Road_set_v1_road_up_2m_HD.prefab
  artifactKey: Guid(dcbe0840d66f9134bb43e5ec41d86349) Importer(815301076,1909f56bfc062723c751e8b465ee728b)
Start importing Assets/RPG_FPS_game_assets_industrial/Roads/Road_sets/Road_set_v1/Road_set_v1_road_up_2m_HD.prefab using Guid(dcbe0840d66f9134bb43e5ec41d86349) Importer(815301076,1909f56bfc062723c751e8b465ee728b)  -> (artifact id: '1e121c3042c0207ba9420b4549766074') in 0.086724 seconds 
  Import took 0.099872 seconds .

========================================================================
Received Import Request.
  Time since last request: 0.000669 seconds.
  path: Assets/RPG_FPS_game_assets_industrial/Roads/Road_sets/Road_set_v1/Road_set_v1_road_up_2m_LD.prefab
  artifactKey: Guid(a6cf289cfa99e144698039a12e0a62fd) Importer(815301076,1909f56bfc062723c751e8b465ee728b)
Start importing Assets/RPG_FPS_game_assets_industrial/Roads/Road_sets/Road_set_v1/Road_set_v1_road_up_2m_LD.prefab using Guid(a6cf289cfa99e144698039a12e0a62fd) Importer(815301076,1909f56bfc062723c751e8b465ee728b)  -> (artifact id: '24b9f90d8cff2020f7447226c32d8300') in 0.091393 seconds 
  Import took 0.104136 seconds .

========================================================================
Received Import Request.
  Time since last request: 0.001791 seconds.
  path: Assets/RPG_FPS_game_assets_industrial/Roads/Road_sets/Road_set_v1/Road_set_v1_road_up_3m_HD.prefab
  artifactKey: Guid(41f73efb13c007844b365ef2a30de3ca) Importer(815301076,1909f56bfc062723c751e8b465ee728b)
Start importing Assets/RPG_FPS_game_assets_industrial/Roads/Road_sets/Road_set_v1/Road_set_v1_road_up_3m_HD.prefab using Guid(41f73efb13c007844b365ef2a30de3ca) Importer(815301076,1909f56bfc062723c751e8b465ee728b)  -> (artifact id: '833ab5e6c9e6eed55e0bb6e80a5177ab') in 0.096194 seconds 
  Import took 0.105787 seconds .

========================================================================
Received Import Request.
  Time since last request: 31.489553 seconds.
  path: Assets/RPG_FPS_game_assets_industrial/Roads/Road_sets/Road_set_v1/Road_set_v1_s_bend_1.prefab
  artifactKey: Guid(aa63f99e99a3f454e85eff556a0b996f) Importer(815301076,1909f56bfc062723c751e8b465ee728b)
Start importing Assets/RPG_FPS_game_assets_industrial/Roads/Road_sets/Road_set_v1/Road_set_v1_s_bend_1.prefab using Guid(aa63f99e99a3f454e85eff556a0b996f) Importer(815301076,1909f56bfc062723c751e8b465ee728b)  -> (artifact id: '2ea387557fcdf5f5a352a33f965be824') in 0.051190 seconds 
  Import took 0.058668 seconds .

========================================================================
Received Import Request.
  Time since last request: 0.000470 seconds.
  path: Assets/RPG_FPS_game_assets_industrial/Roads/Road_sets/Road_set_v1/Road_set_v1_s_bend_2.prefab
  artifactKey: Guid(da5894b154be11342a3fcfc401f7b4aa) Importer(815301076,1909f56bfc062723c751e8b465ee728b)
Start importing Assets/RPG_FPS_game_assets_industrial/Roads/Road_sets/Road_set_v1/Road_set_v1_s_bend_2.prefab using Guid(da5894b154be11342a3fcfc401f7b4aa) Importer(815301076,1909f56bfc062723c751e8b465ee728b)  -> (artifact id: '898c6cc4476b37f82f21533a72969ba6') in 0.051692 seconds 
  Import took 0.057273 seconds .

========================================================================
Received Import Request.
  Time since last request: 0.000381 seconds.
  path: Assets/RPG_FPS_game_assets_industrial/Roads/Road_sets/Road_set_v1/Road_set_v1_s_bend_1.prefab
  artifactKey: Guid(aa63f99e99a3f454e85eff556a0b996f) Importer(815301076,1909f56bfc062723c751e8b465ee728b)
Start importing Assets/RPG_FPS_game_assets_industrial/Roads/Road_sets/Road_set_v1/Road_set_v1_s_bend_1.prefab using Guid(aa63f99e99a3f454e85eff556a0b996f) Importer(815301076,1909f56bfc062723c751e8b465ee728b)  -> (artifact id: '2ea387557fcdf5f5a352a33f965be824') in 0.041414 seconds 
  Import took 0.049075 seconds .

========================================================================
Received Import Request.
  Time since last request: 0.001131 seconds.
  path: Assets/RPG_FPS_game_assets_industrial/Roads/Road_sets/Road_set_v1/Road_set_v1_s_bend_2.prefab
  artifactKey: Guid(da5894b154be11342a3fcfc401f7b4aa) Importer(815301076,1909f56bfc062723c751e8b465ee728b)
Start importing Assets/RPG_FPS_game_assets_industrial/Roads/Road_sets/Road_set_v1/Road_set_v1_s_bend_2.prefab using Guid(da5894b154be11342a3fcfc401f7b4aa) Importer(815301076,1909f56bfc062723c751e8b465ee728b)  -> (artifact id: '898c6cc4476b37f82f21533a72969ba6') in 0.032854 seconds 
  Import took 0.041162 seconds .

========================================================================
Received Import Request.
  Time since last request: 4.645146 seconds.
  path: Assets/RPG_FPS_game_assets_industrial/Roads/Road_sets/Road_set_v1/Road_set_v1_s_floor.prefab
  artifactKey: Guid(8ec728fea85097b43ad9358333759bfa) Importer(815301076,1909f56bfc062723c751e8b465ee728b)
Start importing Assets/RPG_FPS_game_assets_industrial/Roads/Road_sets/Road_set_v1/Road_set_v1_s_floor.prefab using Guid(8ec728fea85097b43ad9358333759bfa) Importer(815301076,1909f56bfc062723c751e8b465ee728b)  -> (artifact id: 'ce84d6f663ab34beea6eae6613ad6324') in 0.042249 seconds 
  Import took 0.048317 seconds .

========================================================================
Received Import Request.
  Time since last request: 0.000413 seconds.
  path: Assets/RPG_FPS_game_assets_industrial/Roads/Road_sets/Road_set_v1/Road_set_v1_s_road_up_1m_HD.prefab
  artifactKey: Guid(33ca2b6a11569324c9e1457108f6fe1f) Importer(815301076,1909f56bfc062723c751e8b465ee728b)
Start importing Assets/RPG_FPS_game_assets_industrial/Roads/Road_sets/Road_set_v1/Road_set_v1_s_road_up_1m_HD.prefab using Guid(33ca2b6a11569324c9e1457108f6fe1f) Importer(815301076,1909f56bfc062723c751e8b465ee728b)  -> (artifact id: 'cc0ecd03e1261d25461579c64d98fce5') in 0.039274 seconds 
  Import took 0.044949 seconds .

========================================================================
Received Import Request.
  Time since last request: 0.032839 seconds.
  path: Assets/RPG_FPS_game_assets_industrial/Roads/Road_sets/Road_set_v1/Road_set_v1_s_road_up_1m_LD.prefab
  artifactKey: Guid(d215fe6ef7ae1204ea94555686c6b87d) Importer(815301076,1909f56bfc062723c751e8b465ee728b)
Start importing Assets/RPG_FPS_game_assets_industrial/Roads/Road_sets/Road_set_v1/Road_set_v1_s_road_up_1m_LD.prefab using Guid(d215fe6ef7ae1204ea94555686c6b87d) Importer(815301076,1909f56bfc062723c751e8b465ee728b)  -> (artifact id: '077dbc5989298f69e8159b990c293059') in 0.074135 seconds 
  Import took 0.087346 seconds .

========================================================================
Received Import Request.
  Time since last request: 0.000409 seconds.
  path: Assets/RPG_FPS_game_assets_industrial/Roads/Road_sets/Road_set_v1/Road_set_v1_s_road_up_2m_HD.prefab
  artifactKey: Guid(f1f1a409b6b97cc4ebd46da8ebcaf014) Importer(815301076,1909f56bfc062723c751e8b465ee728b)
Start importing Assets/RPG_FPS_game_assets_industrial/Roads/Road_sets/Road_set_v1/Road_set_v1_s_road_up_2m_HD.prefab using Guid(f1f1a409b6b97cc4ebd46da8ebcaf014) Importer(815301076,1909f56bfc062723c751e8b465ee728b)  -> (artifact id: '5a5bb6e71f24ebd488d55cb713b33d1c') in 0.058810 seconds 
  Import took 0.066778 seconds .

========================================================================
Received Import Request.
  Time since last request: 933.610457 seconds.
  path: Assets/RPG_FPS_game_assets_industrial/Roads/Floor_elevation_sets/UNIFloor_elevation_set_v1
  artifactKey: Guid(1f612d0a7b864004dbede7d4de574ae7) Importer(815301076,1909f56bfc062723c751e8b465ee728b)
Start importing Assets/RPG_FPS_game_assets_industrial/Roads/Floor_elevation_sets/UNIFloor_elevation_set_v1 using Guid(1f612d0a7b864004dbede7d4de574ae7) Importer(815301076,1909f56bfc062723c751e8b465ee728b)  -> (artifact id: 'f2a3a6833f383c78a6d273386ac2618d') in 0.030808 seconds 
  Import took 1.029527 seconds .

========================================================================
Received Import Request.
  Time since last request: 0.000407 seconds.
  path: Assets/RPG_FPS_game_assets_industrial/Roads/Floor_elevation_sets/UNIFloor_elevation_set_v1/UNIConcrete_wall_v1_S_L_1.prefab
  artifactKey: Guid(f1713c869f87944428ac3dfac534a165) Importer(815301076,1909f56bfc062723c751e8b465ee728b)
Start importing Assets/RPG_FPS_game_assets_industrial/Roads/Floor_elevation_sets/UNIFloor_elevation_set_v1/UNIConcrete_wall_v1_S_L_1.prefab using Guid(f1713c869f87944428ac3dfac534a165) Importer(815301076,1909f56bfc062723c751e8b465ee728b)  -> (artifact id: '7122d99517561323f9f439635087bc73') in 0.150789 seconds 
  Import took 0.155776 seconds .

========================================================================
Received Import Request.
  Time since last request: 0.000486 seconds.
  path: Assets/RPG_FPS_game_assets_industrial/Roads/Floor_elevation_sets/UNIFloor_elevation_set_v1/UNIConcrete_wall_v1_S_R_1.prefab
  artifactKey: Guid(a2416fad2b37fbe4a8dc7ae8e7a48dc0) Importer(815301076,1909f56bfc062723c751e8b465ee728b)
Start importing Assets/RPG_FPS_game_assets_industrial/Roads/Floor_elevation_sets/UNIFloor_elevation_set_v1/UNIConcrete_wall_v1_S_R_1.prefab using Guid(a2416fad2b37fbe4a8dc7ae8e7a48dc0) Importer(815301076,1909f56bfc062723c751e8b465ee728b)  -> (artifact id: 'd802f08481df18e34e6353fe9082fe2d') in 0.054282 seconds 
  Import took 0.061776 seconds .

========================================================================
Received Import Request.
  Time since last request: 0.000806 seconds.
  path: Assets/RPG_FPS_game_assets_industrial/Roads/Floor_elevation_sets/UNIFloor_elevation_set_v1/UNIConcrete_wall_v1_S_left.prefab
  artifactKey: Guid(38c764ae84d05c74aa08d07948986de3) Importer(815301076,1909f56bfc062723c751e8b465ee728b)
Start importing Assets/RPG_FPS_game_assets_industrial/Roads/Floor_elevation_sets/UNIFloor_elevation_set_v1/UNIConcrete_wall_v1_S_left.prefab using Guid(38c764ae84d05c74aa08d07948986de3) Importer(815301076,1909f56bfc062723c751e8b465ee728b)  -> (artifact id: '2e00d99526525637a6cc6574b95e86d1') in 0.069856 seconds 
  Import took 0.076769 seconds .

========================================================================
Received Import Request.
  Time since last request: 0.000543 seconds.
  path: Assets/RPG_FPS_game_assets_industrial/Roads/Floor_elevation_sets/UNIFloor_elevation_set_v1/UNIConcrete_wall_v1_W_2.prefab
  artifactKey: Guid(b31e382504d035d458b4818d7195a336) Importer(815301076,1909f56bfc062723c751e8b465ee728b)
Start importing Assets/RPG_FPS_game_assets_industrial/Roads/Floor_elevation_sets/UNIFloor_elevation_set_v1/UNIConcrete_wall_v1_W_2.prefab using Guid(b31e382504d035d458b4818d7195a336) Importer(815301076,1909f56bfc062723c751e8b465ee728b)  -> (artifact id: '8b46b9d3184bd10f176cc9422070b371') in 0.054399 seconds 
  Import took 0.061573 seconds .

========================================================================
Received Import Request.
  Time since last request: 0.000476 seconds.
  path: Assets/RPG_FPS_game_assets_industrial/Roads/Floor_elevation_sets/UNIFloor_elevation_set_v1/UNIConcrete_wall_v1_S_single.prefab
  artifactKey: Guid(88ff00979f9abfc40b8bd0cfc885d175) Importer(815301076,1909f56bfc062723c751e8b465ee728b)
Start importing Assets/RPG_FPS_game_assets_industrial/Roads/Floor_elevation_sets/UNIFloor_elevation_set_v1/UNIConcrete_wall_v1_S_single.prefab using Guid(88ff00979f9abfc40b8bd0cfc885d175) Importer(815301076,1909f56bfc062723c751e8b465ee728b)  -> (artifact id: '5e9a4002bf16e1bea696ac466a184696') in 0.062891 seconds 
  Import took 0.074007 seconds .

========================================================================
Received Import Request.
  Time since last request: 0.000442 seconds.
  path: Assets/RPG_FPS_game_assets_industrial/Roads/Floor_elevation_sets/UNIFloor_elevation_set_v1/UNIConcrete_wall_v1_W_1.prefab
  artifactKey: Guid(aa8e284847475604385ec530acc0bc28) Importer(815301076,1909f56bfc062723c751e8b465ee728b)
Start importing Assets/RPG_FPS_game_assets_industrial/Roads/Floor_elevation_sets/UNIFloor_elevation_set_v1/UNIConcrete_wall_v1_W_1.prefab using Guid(aa8e284847475604385ec530acc0bc28) Importer(815301076,1909f56bfc062723c751e8b465ee728b)  -> (artifact id: 'b00d2dc6fddfe219fd0cfb52bb28d9aa') in 0.077293 seconds 
  Import took 0.086891 seconds .

========================================================================
Received Import Request.
  Time since last request: 0.001001 seconds.
  path: Assets/RPG_FPS_game_assets_industrial/Roads/Floor_elevation_sets/UNIFloor_elevation_set_v1/UNIConcrete_wall_v1_S_R_2.prefab
  artifactKey: Guid(7b4f0314f4e30c94185e84a096c302bc) Importer(815301076,1909f56bfc062723c751e8b465ee728b)
Start importing Assets/RPG_FPS_game_assets_industrial/Roads/Floor_elevation_sets/UNIFloor_elevation_set_v1/UNIConcrete_wall_v1_S_R_2.prefab using Guid(7b4f0314f4e30c94185e84a096c302bc) Importer(815301076,1909f56bfc062723c751e8b465ee728b)  -> (artifact id: '074b604a5658a4df462180daf2534384') in 0.092036 seconds 
  Import took 0.100266 seconds .

========================================================================
Received Import Request.
  Time since last request: 0.000635 seconds.
  path: Assets/RPG_FPS_game_assets_industrial/Roads/Floor_elevation_sets/UNIFloor_elevation_set_v1/UNIConcrete_wall_v1_S_middle.prefab
  artifactKey: Guid(e08e48c08f76113458c351bd1e07e5ef) Importer(815301076,1909f56bfc062723c751e8b465ee728b)
Start importing Assets/RPG_FPS_game_assets_industrial/Roads/Floor_elevation_sets/UNIFloor_elevation_set_v1/UNIConcrete_wall_v1_S_middle.prefab using Guid(e08e48c08f76113458c351bd1e07e5ef) Importer(815301076,1909f56bfc062723c751e8b465ee728b)  -> (artifact id: 'fd6127e060187bba23a02aa20d4d8387') in 0.087147 seconds 
  Import took 0.096776 seconds .

========================================================================
Received Import Request.
  Time since last request: 0.000504 seconds.
  path: Assets/RPG_FPS_game_assets_industrial/Roads/Floor_elevation_sets/UNIFloor_elevation_set_v1/UNIConcrete_wall_v1_S_L_2.prefab
  artifactKey: Guid(67b4ca73507352a40a4ba54118669807) Importer(815301076,1909f56bfc062723c751e8b465ee728b)
Start importing Assets/RPG_FPS_game_assets_industrial/Roads/Floor_elevation_sets/UNIFloor_elevation_set_v1/UNIConcrete_wall_v1_S_L_2.prefab using Guid(67b4ca73507352a40a4ba54118669807) Importer(815301076,1909f56bfc062723c751e8b465ee728b)  -> (artifact id: '9d9f05648ca2ebfc6235e9a182d34c2b') in 0.086653 seconds 
  Import took 0.095155 seconds .

========================================================================
Received Import Request.
  Time since last request: 0.000512 seconds.
  path: Assets/RPG_FPS_game_assets_industrial/Roads/Floor_elevation_sets/UNIFloor_elevation_set_v1/UNIConcrete_wall_v1_S_right.prefab
  artifactKey: Guid(507134deeacac104cade4f939779e63f) Importer(815301076,1909f56bfc062723c751e8b465ee728b)
Start importing Assets/RPG_FPS_game_assets_industrial/Roads/Floor_elevation_sets/UNIFloor_elevation_set_v1/UNIConcrete_wall_v1_S_right.prefab using Guid(507134deeacac104cade4f939779e63f) Importer(815301076,1909f56bfc062723c751e8b465ee728b)  -> (artifact id: '268d7c29b0d73cc308cc21653d3bc60d') in 0.062959 seconds 
  Import took 0.070907 seconds .

========================================================================
Received Import Request.
  Time since last request: 1.851188 seconds.
  path: Assets/RPG_FPS_game_assets_industrial/Boxes/Wooden_box_v1
  artifactKey: Guid(5803d6cbccabce247b4e5ce59393fe08) Importer(815301076,1909f56bfc062723c751e8b465ee728b)
Start importing Assets/RPG_FPS_game_assets_industrial/Boxes/Wooden_box_v1 using Guid(5803d6cbccabce247b4e5ce59393fe08) Importer(815301076,1909f56bfc062723c751e8b465ee728b)  -> (artifact id: '362be5b50e17d9312cf45f149554cd42') in 0.015812 seconds 
  Import took 0.022183 seconds .

========================================================================
Received Import Request.
  Time since last request: 0.117870 seconds.
  path: Assets/RPG_FPS_game_assets_industrial/Boxes/Wooden_box_v1/Wooden_box_v1_LD1.prefab
  artifactKey: Guid(9d1bb44d500a3ad489d3cb3a6900199f) Importer(815301076,1909f56bfc062723c751e8b465ee728b)
Start importing Assets/RPG_FPS_game_assets_industrial/Boxes/Wooden_box_v1/Wooden_box_v1_LD1.prefab using Guid(9d1bb44d500a3ad489d3cb3a6900199f) Importer(815301076,1909f56bfc062723c751e8b465ee728b)  -> (artifact id: 'da9017b7c7e1f043411eb04e2411f3cd') in 0.086509 seconds 
  Import took 0.092700 seconds .

========================================================================
Received Import Request.
  Time since last request: 0.000385 seconds.
  path: Assets/RPG_FPS_game_assets_industrial/Boxes/Wooden_box_v1/Wooden_box_v1_LD2.prefab
  artifactKey: Guid(a50af88759b02d74b8328377b33ab3e8) Importer(815301076,1909f56bfc062723c751e8b465ee728b)
Start importing Assets/RPG_FPS_game_assets_industrial/Boxes/Wooden_box_v1/Wooden_box_v1_LD2.prefab using Guid(a50af88759b02d74b8328377b33ab3e8) Importer(815301076,1909f56bfc062723c751e8b465ee728b)  -> (artifact id: 'fc82c534bedf369cf40ac454ca32bc21') in 0.060185 seconds 
  Import took 0.066929 seconds .

========================================================================
Received Import Request.
  Time since last request: 0.001084 seconds.
  path: Assets/RPG_FPS_game_assets_industrial/Boxes/Wooden_box_v1/Wooden_box_v1_LD2square.prefab
  artifactKey: Guid(395dcd74773407e4faa9906eedf6f75d) Importer(815301076,1909f56bfc062723c751e8b465ee728b)
Start importing Assets/RPG_FPS_game_assets_industrial/Boxes/Wooden_box_v1/Wooden_box_v1_LD2square.prefab using Guid(395dcd74773407e4faa9906eedf6f75d) Importer(815301076,1909f56bfc062723c751e8b465ee728b)  -> (artifact id: '71b46d35679adefc9df934c0e83bdc1a') in 0.060765 seconds 
  Import took 0.068471 seconds .

========================================================================
Received Import Request.
  Time since last request: 0.000495 seconds.
  path: Assets/RPG_FPS_game_assets_industrial/Boxes/Wooden_box_v1/Wooden_box_v1_LD1square.prefab
  artifactKey: Guid(6857ff1d3761e21479727f3b27cc8f68) Importer(815301076,1909f56bfc062723c751e8b465ee728b)
Start importing Assets/RPG_FPS_game_assets_industrial/Boxes/Wooden_box_v1/Wooden_box_v1_LD1square.prefab using Guid(6857ff1d3761e21479727f3b27cc8f68) Importer(815301076,1909f56bfc062723c751e8b465ee728b)  -> (artifact id: 'fc5953825399dd236d812324e5694f20') in 0.071359 seconds 
  Import took 0.083147 seconds .

========================================================================
Received Import Request.
  Time since last request: 0.000436 seconds.
  path: Assets/RPG_FPS_game_assets_industrial/Boxes/Wooden_box_v1/Wooden_box_v1_LD2square.prefab
  artifactKey: Guid(395dcd74773407e4faa9906eedf6f75d) Importer(815301076,1909f56bfc062723c751e8b465ee728b)
Start importing Assets/RPG_FPS_game_assets_industrial/Boxes/Wooden_box_v1/Wooden_box_v1_LD2square.prefab using Guid(395dcd74773407e4faa9906eedf6f75d) Importer(815301076,1909f56bfc062723c751e8b465ee728b)  -> (artifact id: '71b46d35679adefc9df934c0e83bdc1a') in 0.055926 seconds 
  Import took 0.064761 seconds .

========================================================================
Received Import Request.
  Time since last request: 94.416262 seconds.
  path: Assets/RPG_FPS_game_assets_industrial/Buildings/Industrial/Hangars/Hangar_v2/Hangar_v2.prefab
  artifactKey: Guid(dfec00be6c7c5b944991547485554901) Importer(815301076,1909f56bfc062723c751e8b465ee728b)
Start importing Assets/RPG_FPS_game_assets_industrial/Buildings/Industrial/Hangars/Hangar_v2/Hangar_v2.prefab using Guid(dfec00be6c7c5b944991547485554901) Importer(815301076,1909f56bfc062723c751e8b465ee728b)  -> (artifact id: '407ab36a3111e70b04f4d3adeb784d4b') in 1.066771 seconds 
  Import took 1.072018 seconds .

========================================================================
Received Import Request.
  Time since last request: 0.000346 seconds.
  path: Assets/RPG_FPS_game_assets_industrial/Buildings/Industrial/Hangars/Hangar_v2/Hangar_v2_3.prefab
  artifactKey: Guid(61c787ad40ab08f409a57210cd8e416b) Importer(815301076,1909f56bfc062723c751e8b465ee728b)
Start importing Assets/RPG_FPS_game_assets_industrial/Buildings/Industrial/Hangars/Hangar_v2/Hangar_v2_3.prefab using Guid(61c787ad40ab08f409a57210cd8e416b) Importer(815301076,1909f56bfc062723c751e8b465ee728b)  -> (artifact id: '29432d8f8ab27c43361bf66248810c31') in 0.044491 seconds 
  Import took 0.048241 seconds .

========================================================================
Received Import Request.
  Time since last request: 0.000449 seconds.
  path: Assets/RPG_FPS_game_assets_industrial/Buildings/Industrial/Hangars/Hangar_v2/Hangar_v2_6.prefab
  artifactKey: Guid(9df406dc401707343b6396bd2ba69f93) Importer(815301076,1909f56bfc062723c751e8b465ee728b)
Start importing Assets/RPG_FPS_game_assets_industrial/Buildings/Industrial/Hangars/Hangar_v2/Hangar_v2_6.prefab using Guid(9df406dc401707343b6396bd2ba69f93) Importer(815301076,1909f56bfc062723c751e8b465ee728b)  -> (artifact id: 'cb0ac7fe1409aabd9fd5e8cd069f3d9e') in 0.073690 seconds 
  Import took 0.081352 seconds .

========================================================================
Received Import Request.
  Time since last request: 0.000476 seconds.
  path: Assets/RPG_FPS_game_assets_industrial/Buildings/Industrial/Hangars/Hangar_v2/Hangar_v2_5.prefab
  artifactKey: Guid(b3faa789917d5c74cb7bc3765ff6950c) Importer(815301076,1909f56bfc062723c751e8b465ee728b)
Start importing Assets/RPG_FPS_game_assets_industrial/Buildings/Industrial/Hangars/Hangar_v2/Hangar_v2_5.prefab using Guid(b3faa789917d5c74cb7bc3765ff6950c) Importer(815301076,1909f56bfc062723c751e8b465ee728b)  -> (artifact id: '778d6f0a1ba9c364da82a0bae208b5e0') in 0.066666 seconds 
  Import took 0.077044 seconds .

========================================================================
Received Import Request.
  Time since last request: 0.000419 seconds.
  path: Assets/RPG_FPS_game_assets_industrial/Buildings/Industrial/Hangars/Hangar_v2/Hangar_v2_outbuilding.prefab
  artifactKey: Guid(9037b8b3960b7374db644184ba705142) Importer(815301076,1909f56bfc062723c751e8b465ee728b)
Start importing Assets/RPG_FPS_game_assets_industrial/Buildings/Industrial/Hangars/Hangar_v2/Hangar_v2_outbuilding.prefab using Guid(9037b8b3960b7374db644184ba705142) Importer(815301076,1909f56bfc062723c751e8b465ee728b)  -> (artifact id: '6f03779cc56874db6f5f485567d0ce41') in 0.067553 seconds 
  Import took 0.076080 seconds .

========================================================================
Received Import Request.
  Time since last request: 0.000528 seconds.
  path: Assets/RPG_FPS_game_assets_industrial/Buildings/Industrial/Hangars/Hangar_v2/Hangar_v2_1.prefab
  artifactKey: Guid(8391a5c4218b2f243849f1998c1c41e2) Importer(815301076,1909f56bfc062723c751e8b465ee728b)
Start importing Assets/RPG_FPS_game_assets_industrial/Buildings/Industrial/Hangars/Hangar_v2/Hangar_v2_1.prefab using Guid(8391a5c4218b2f243849f1998c1c41e2) Importer(815301076,1909f56bfc062723c751e8b465ee728b)  -> (artifact id: 'df73261fddc37c1b8de77e375569c93e') in 0.067991 seconds 
  Import took 0.074644 seconds .

========================================================================
Received Import Request.
  Time since last request: 0.000373 seconds.
  path: Assets/RPG_FPS_game_assets_industrial/Buildings/Industrial/Hangars/Hangar_v2/Hangar_v2_7.prefab
  artifactKey: Guid(d885e290456a887418a2fd556c1b1517) Importer(815301076,1909f56bfc062723c751e8b465ee728b)
Start importing Assets/RPG_FPS_game_assets_industrial/Buildings/Industrial/Hangars/Hangar_v2/Hangar_v2_7.prefab using Guid(d885e290456a887418a2fd556c1b1517) Importer(815301076,1909f56bfc062723c751e8b465ee728b)  -> (artifact id: '1639fcbdffa5163c1d014586acd3f53a') in 0.090351 seconds 
  Import took 0.099910 seconds .

========================================================================
Received Import Request.
  Time since last request: 0.000377 seconds.
  path: Assets/RPG_FPS_game_assets_industrial/Buildings/Industrial/Hangars/Hangar_v2/Hangar_v2_basic.prefab
  artifactKey: Guid(231f567299ef5844f8dca0461bf7a80b) Importer(815301076,1909f56bfc062723c751e8b465ee728b)
Start importing Assets/RPG_FPS_game_assets_industrial/Buildings/Industrial/Hangars/Hangar_v2/Hangar_v2_basic.prefab using Guid(231f567299ef5844f8dca0461bf7a80b) Importer(815301076,1909f56bfc062723c751e8b465ee728b)  -> (artifact id: '9bc70c9cad0972735dee946fd89d0e25') in 0.075262 seconds 
  Import took 0.085551 seconds .

========================================================================
Received Import Request.
  Time since last request: 0.000387 seconds.
  path: Assets/RPG_FPS_game_assets_industrial/Buildings/Industrial/Hangars/Hangar_v2/Hangar_v2_4.prefab
  artifactKey: Guid(669a1884e0888f24480fbd70cc8ecb73) Importer(815301076,1909f56bfc062723c751e8b465ee728b)
Start importing Assets/RPG_FPS_game_assets_industrial/Buildings/Industrial/Hangars/Hangar_v2/Hangar_v2_4.prefab using Guid(669a1884e0888f24480fbd70cc8ecb73) Importer(815301076,1909f56bfc062723c751e8b465ee728b)  -> (artifact id: '012d7c10aa018c8e813744291416efa3') in 0.089152 seconds 
  Import took 0.096371 seconds .

========================================================================
Received Import Request.
  Time since last request: 0.000483 seconds.
  path: Assets/RPG_FPS_game_assets_industrial/Buildings/Industrial/Hangars/Hangar_v2/Hangar_v2_2.prefab
  artifactKey: Guid(d39ecaf886599264f8182ab11a605849) Importer(815301076,1909f56bfc062723c751e8b465ee728b)
Start importing Assets/RPG_FPS_game_assets_industrial/Buildings/Industrial/Hangars/Hangar_v2/Hangar_v2_2.prefab using Guid(d39ecaf886599264f8182ab11a605849) Importer(815301076,1909f56bfc062723c751e8b465ee728b)  -> (artifact id: '2ce84eeca00f8cd77fcd6aec96623aef') in 0.075863 seconds 
  Import took 0.087016 seconds .

========================================================================
Received Import Request.
  Time since last request: 102.059197 seconds.
  path: Assets/RPG_FPS_game_assets_industrial/Buildings/Industrial/Hangars/Hangar_v2/Hangar_v2_outbuilding1.prefab
  artifactKey: Guid(85de863b6df462e45a068d7d86850ec2) Importer(815301076,1909f56bfc062723c751e8b465ee728b)
Start importing Assets/RPG_FPS_game_assets_industrial/Buildings/Industrial/Hangars/Hangar_v2/Hangar_v2_outbuilding1.prefab using Guid(85de863b6df462e45a068d7d86850ec2) Importer(815301076,1909f56bfc062723c751e8b465ee728b)  -> (artifact id: '0e16274ee527167072c6992c519d0512') in 1.069581 seconds 
  Import took 1.074191 seconds .

========================================================================
Received Import Request.
  Time since last request: 0.000320 seconds.
  path: Assets/RPG_FPS_game_assets_industrial/Buildings/Industrial/Hangars/Hangar_v2/Hangar_v2_outbuilding2.prefab
  artifactKey: Guid(d4f156acee3c5774e84366f3db534889) Importer(815301076,1909f56bfc062723c751e8b465ee728b)
Start importing Assets/RPG_FPS_game_assets_industrial/Buildings/Industrial/Hangars/Hangar_v2/Hangar_v2_outbuilding2.prefab using Guid(d4f156acee3c5774e84366f3db534889) Importer(815301076,1909f56bfc062723c751e8b465ee728b)  -> (artifact id: '177722a9ab2e5c057e7d4713bd84b4c3') in 0.036729 seconds 
  Import took 0.041138 seconds .

========================================================================
Received Import Request.
  Time since last request: 0.002031 seconds.
  path: Assets/RPG_FPS_game_assets_industrial/Buildings/Industrial/Hangars/Hangar_v2/Hangar_v2_outbuilding3.prefab
  artifactKey: Guid(1ab69ec7f794b39429d78db38da5fbb6) Importer(815301076,1909f56bfc062723c751e8b465ee728b)
Start importing Assets/RPG_FPS_game_assets_industrial/Buildings/Industrial/Hangars/Hangar_v2/Hangar_v2_outbuilding3.prefab using Guid(1ab69ec7f794b39429d78db38da5fbb6) Importer(815301076,1909f56bfc062723c751e8b465ee728b)  -> (artifact id: 'b25bf4d09b35978840cf0411593f112f') in 0.085777 seconds 
  Import took 0.094950 seconds .

========================================================================
Received Import Request.
  Time since last request: 2.229066 seconds.
  path: Assets/RPG_FPS_game_assets_industrial/Buildings/Industrial/Hangars/Hangar_v3/Hangar_v3.prefab
  artifactKey: Guid(9a8a037e5343199458bcacb9d8803837) Importer(815301076,1909f56bfc062723c751e8b465ee728b)
Start importing Assets/RPG_FPS_game_assets_industrial/Buildings/Industrial/Hangars/Hangar_v3/Hangar_v3.prefab using Guid(9a8a037e5343199458bcacb9d8803837) Importer(815301076,1909f56bfc062723c751e8b465ee728b)  -> (artifact id: 'f5cb634f64945dd3e159ccf9ec5eae6e') in 0.101953 seconds 
  Import took 0.105884 seconds .

========================================================================
Received Import Request.
  Time since last request: 0.000348 seconds.
  path: Assets/RPG_FPS_game_assets_industrial/Buildings/Industrial/Hangars/Hangar_v3/Hangar_v3_outbuilding_1.prefab
  artifactKey: Guid(ddd81253dc6e4d2478873aeebdbcb4cf) Importer(815301076,1909f56bfc062723c751e8b465ee728b)
Start importing Assets/RPG_FPS_game_assets_industrial/Buildings/Industrial/Hangars/Hangar_v3/Hangar_v3_outbuilding_1.prefab using Guid(ddd81253dc6e4d2478873aeebdbcb4cf) Importer(815301076,1909f56bfc062723c751e8b465ee728b)  -> (artifact id: 'f7641f51a67b858735224d5af6f8024f') in 0.043681 seconds 
  Import took 0.050790 seconds .

========================================================================
Received Import Request.
  Time since last request: 0.000582 seconds.
  path: Assets/RPG_FPS_game_assets_industrial/Buildings/Industrial/Hangars/Hangar_v3/Hangar_v3_basic.prefab
  artifactKey: Guid(d8185c26d9422ab41a0e3507aaab9abe) Importer(815301076,1909f56bfc062723c751e8b465ee728b)
Start importing Assets/RPG_FPS_game_assets_industrial/Buildings/Industrial/Hangars/Hangar_v3/Hangar_v3_basic.prefab using Guid(d8185c26d9422ab41a0e3507aaab9abe) Importer(815301076,1909f56bfc062723c751e8b465ee728b)  -> (artifact id: '0ea9b9f669f9208d2228bba8075c02d8') in 0.065663 seconds 
  Import took 0.072396 seconds .

========================================================================
Received Import Request.
  Time since last request: 0.000358 seconds.
  path: Assets/RPG_FPS_game_assets_industrial/Buildings/Industrial/Hangars/Hangar_v3/Hangar_v3_outbuilding_2.prefab
  artifactKey: Guid(eedd107997f928346af44f04150fc37c) Importer(815301076,1909f56bfc062723c751e8b465ee728b)
Start importing Assets/RPG_FPS_game_assets_industrial/Buildings/Industrial/Hangars/Hangar_v3/Hangar_v3_outbuilding_2.prefab using Guid(eedd107997f928346af44f04150fc37c) Importer(815301076,1909f56bfc062723c751e8b465ee728b)  -> (artifact id: '7eadecb7b51441f31eb532023e8b4f40') in 0.051161 seconds 
  Import took 0.059199 seconds .

========================================================================
Received Import Request.
  Time since last request: 0.000426 seconds.
  path: Assets/RPG_FPS_game_assets_industrial/Buildings/Industrial/Hangars/Hangar_v3/Hangar_v3_basic.prefab
  artifactKey: Guid(d8185c26d9422ab41a0e3507aaab9abe) Importer(815301076,1909f56bfc062723c751e8b465ee728b)
Start importing Assets/RPG_FPS_game_assets_industrial/Buildings/Industrial/Hangars/Hangar_v3/Hangar_v3_basic.prefab using Guid(d8185c26d9422ab41a0e3507aaab9abe) Importer(815301076,1909f56bfc062723c751e8b465ee728b)  -> (artifact id: '0ea9b9f669f9208d2228bba8075c02d8') in 0.048701 seconds 
  Import took 0.055371 seconds .

========================================================================
Received Import Request.
  Time since last request: 67.187526 seconds.
  path: Assets/RPG_FPS_game_assets_industrial/Buildings/Industrial/Hangars/Hangar_v4/Hangar_v4.prefab
  artifactKey: Guid(65feeeb562c61c744aa87b8eb394ffcf) Importer(815301076,1909f56bfc062723c751e8b465ee728b)
Start importing Assets/RPG_FPS_game_assets_industrial/Buildings/Industrial/Hangars/Hangar_v4/Hangar_v4.prefab using Guid(65feeeb562c61c744aa87b8eb394ffcf) Importer(815301076,1909f56bfc062723c751e8b465ee728b)  -> (artifact id: '3ed61b0af8b7d40dc639234aa9cf2995') in 1.101870 seconds 
  Import took 1.106057 seconds .

========================================================================
Received Import Request.
  Time since last request: 39.489309 seconds.
  path: Assets/RPG_FPS_game_assets_industrial/Buildings/Industrial/Hangars/Hangar_v4/Source
  artifactKey: Guid(eb3faf938f2f53443bfadc663a846bdd) Importer(815301076,1909f56bfc062723c751e8b465ee728b)
Start importing Assets/RPG_FPS_game_assets_industrial/Buildings/Industrial/Hangars/Hangar_v4/Source using Guid(eb3faf938f2f53443bfadc663a846bdd) Importer(815301076,1909f56bfc062723c751e8b465ee728b)  -> (artifact id: '55754c7b09709fae38133cb52c86fe52') in 0.015796 seconds 
  Import took 0.021663 seconds .

========================================================================
Received Import Request.
  Time since last request: 0.097382 seconds.
  path: Assets/RPG_FPS_game_assets_industrial/Buildings/Industrial/Hangars/Hangar_v4/Source/Hangar_v4.FBX
  artifactKey: Guid(b9f252f86d956df43b2de8e7e4457ea7) Importer(815301076,1909f56bfc062723c751e8b465ee728b)
Start importing Assets/RPG_FPS_game_assets_industrial/Buildings/Industrial/Hangars/Hangar_v4/Source/Hangar_v4.FBX using Guid(b9f252f86d956df43b2de8e7e4457ea7) Importer(815301076,1909f56bfc062723c751e8b465ee728b)  -> (artifact id: '7636fe762615028c0451a94fedec7820') in 0.307100 seconds 
  Import took 0.313608 seconds .

========================================================================
Received Import Request.
  Time since last request: 0.000357 seconds.
  path: Assets/RPG_FPS_game_assets_industrial/Buildings/Industrial/Hangars/Hangar_v4/Source/Hangar_v4.tga
  artifactKey: Guid(8821c02cc3689f749a6dbab1ac0f6ecd) Importer(815301076,1909f56bfc062723c751e8b465ee728b)
Start importing Assets/RPG_FPS_game_assets_industrial/Buildings/Industrial/Hangars/Hangar_v4/Source/Hangar_v4.tga using Guid(8821c02cc3689f749a6dbab1ac0f6ecd) Importer(815301076,1909f56bfc062723c751e8b465ee728b)  -> (artifact id: 'faf7d465c98a404998c9ac846510bbd1') in 0.370793 seconds 
  Import took 0.375259 seconds .

========================================================================
Received Import Request.
  Time since last request: 0.000354 seconds.
  path: Assets/RPG_FPS_game_assets_industrial/Buildings/Industrial/Hangars/Hangar_v4/Source/Hangar_v4.mat
  artifactKey: Guid(80862cc9f0fa8244dabb1d398ece476a) Importer(815301076,1909f56bfc062723c751e8b465ee728b)
Start importing Assets/RPG_FPS_game_assets_industrial/Buildings/Industrial/Hangars/Hangar_v4/Source/Hangar_v4.mat using Guid(80862cc9f0fa8244dabb1d398ece476a) Importer(815301076,1909f56bfc062723c751e8b465ee728b)  -> (artifact id: '6c26c6e8d53731f2e4aef151c9bfbeb8') in 0.163367 seconds 
  Import took 0.177039 seconds .

========================================================================
Received Import Request.
  Time since last request: 6.280755 seconds.
  path: Assets/RPG_FPS_game_assets_industrial/Buildings/Industrial/Hangars/Hangar_v2/Source
  artifactKey: Guid(a4cdb4092cce97d42b45d9b9056a4177) Importer(815301076,1909f56bfc062723c751e8b465ee728b)
Start importing Assets/RPG_FPS_game_assets_industrial/Buildings/Industrial/Hangars/Hangar_v2/Source using Guid(a4cdb4092cce97d42b45d9b9056a4177) Importer(815301076,1909f56bfc062723c751e8b465ee728b)  -> (artifact id: '8d4e58598b8310e1c4be137235090fe0') in 0.006529 seconds 
  Import took 0.021825 seconds .

========================================================================
Received Import Request.
  Time since last request: 0.096353 seconds.
  path: Assets/RPG_FPS_game_assets_industrial/Buildings/Industrial/Hangars/Hangar_v2/Source/Hangar_v2.FBX
  artifactKey: Guid(d0a6f0725fb579a45a39bf98830886a1) Importer(815301076,1909f56bfc062723c751e8b465ee728b)
Start importing Assets/RPG_FPS_game_assets_industrial/Buildings/Industrial/Hangars/Hangar_v2/Source/Hangar_v2.FBX using Guid(d0a6f0725fb579a45a39bf98830886a1) Importer(815301076,1909f56bfc062723c751e8b465ee728b)  -> (artifact id: '34706434c6cdd3b367c0d748cbcd4ec5') in 0.057303 seconds 
  Import took 0.062692 seconds .

========================================================================
Received Import Request.
  Time since last request: 0.000416 seconds.
  path: Assets/RPG_FPS_game_assets_industrial/Buildings/Industrial/Hangars/Hangar_v2/Source/Hangar_v2_6.FBX
  artifactKey: Guid(d38c6eb5eac83874ca4e1361ff5ff63c) Importer(815301076,1909f56bfc062723c751e8b465ee728b)
Start importing Assets/RPG_FPS_game_assets_industrial/Buildings/Industrial/Hangars/Hangar_v2/Source/Hangar_v2_6.FBX using Guid(d38c6eb5eac83874ca4e1361ff5ff63c) Importer(815301076,1909f56bfc062723c751e8b465ee728b)  -> (artifact id: '4af1a8ad7aed6c169784cec19d5d715c') in 0.152313 seconds 
  Import took 0.156692 seconds .

========================================================================
Received Import Request.
  Time since last request: 0.000289 seconds.
  path: Assets/RPG_FPS_game_assets_industrial/Buildings/Industrial/Hangars/Hangar_v2/Source/Hangar_v2_7.FBX
  artifactKey: Guid(e5c35000052d84041aac70751eee328e) Importer(815301076,1909f56bfc062723c751e8b465ee728b)
Start importing Assets/RPG_FPS_game_assets_industrial/Buildings/Industrial/Hangars/Hangar_v2/Source/Hangar_v2_7.FBX using Guid(e5c35000052d84041aac70751eee328e) Importer(815301076,1909f56bfc062723c751e8b465ee728b)  -> (artifact id: '93d69aafb04cd40aa26ba9f5836506d7') in 0.190478 seconds 
  Import took 0.195028 seconds .

========================================================================
Received Import Request.
  Time since last request: 0.000314 seconds.
  path: Assets/RPG_FPS_game_assets_industrial/Buildings/Industrial/Hangars/Hangar_v2/Source/Hangar_v2_5.FBX
  artifactKey: Guid(b5104adc4fe5dfa47ab50f592c743a9e) Importer(815301076,1909f56bfc062723c751e8b465ee728b)
Start importing Assets/RPG_FPS_game_assets_industrial/Buildings/Industrial/Hangars/Hangar_v2/Source/Hangar_v2_5.FBX using Guid(b5104adc4fe5dfa47ab50f592c743a9e) Importer(815301076,1909f56bfc062723c751e8b465ee728b)  -> (artifact id: 'c9fc158a9a52702038d1befe5273db7b') in 0.044464 seconds 
  Import took 0.049367 seconds .

========================================================================
Received Import Request.
  Time since last request: 0.000351 seconds.
  path: Assets/RPG_FPS_game_assets_industrial/Buildings/Industrial/Hangars/Hangar_v2/Source/Hangar_v2_1.FBX
  artifactKey: Guid(c4fc969a254651943b486ba4174ab1fc) Importer(815301076,1909f56bfc062723c751e8b465ee728b)
Start importing Assets/RPG_FPS_game_assets_industrial/Buildings/Industrial/Hangars/Hangar_v2/Source/Hangar_v2_1.FBX using Guid(c4fc969a254651943b486ba4174ab1fc) Importer(815301076,1909f56bfc062723c751e8b465ee728b)  -> (artifact id: 'e37000d99e72f6164ffe65db5c2a145d') in 0.088337 seconds 
  Import took 0.097499 seconds .

========================================================================
Received Import Request.
  Time since last request: 0.000354 seconds.
  path: Assets/RPG_FPS_game_assets_industrial/Buildings/Industrial/Hangars/Hangar_v2/Source/Hangar_v2.tga
  artifactKey: Guid(54db2c86883388c4eb087ed2a47c9938) Importer(815301076,1909f56bfc062723c751e8b465ee728b)
Start importing Assets/RPG_FPS_game_assets_industrial/Buildings/Industrial/Hangars/Hangar_v2/Source/Hangar_v2.tga using Guid(54db2c86883388c4eb087ed2a47c9938) Importer(815301076,1909f56bfc062723c751e8b465ee728b)  -> (artifact id: '6e1cc377930956ae6571e038119f094e') in 0.030225 seconds 
  Import took 0.035234 seconds .

========================================================================
Received Import Request.
  Time since last request: 0.000435 seconds.
  path: Assets/RPG_FPS_game_assets_industrial/Buildings/Industrial/Hangars/Hangar_v2/Source/Hangar_v2_3.FBX
  artifactKey: Guid(a0c65fac4e030764dbdd445dc81af4b4) Importer(815301076,1909f56bfc062723c751e8b465ee728b)
Start importing Assets/RPG_FPS_game_assets_industrial/Buildings/Industrial/Hangars/Hangar_v2/Source/Hangar_v2_3.FBX using Guid(a0c65fac4e030764dbdd445dc81af4b4) Importer(815301076,1909f56bfc062723c751e8b465ee728b)  -> (artifact id: '5f985501903bcd5ee61e7953b2e731a1') in 0.068529 seconds 
  Import took 0.077176 seconds .

========================================================================
Received Import Request.
  Time since last request: 0.000489 seconds.
  path: Assets/RPG_FPS_game_assets_industrial/Buildings/Industrial/Hangars/Hangar_v2/Source/Hangar_v2.mat
  artifactKey: Guid(8d81f9b16a9135446b5451caa37570ee) Importer(815301076,1909f56bfc062723c751e8b465ee728b)
Start importing Assets/RPG_FPS_game_assets_industrial/Buildings/Industrial/Hangars/Hangar_v2/Source/Hangar_v2.mat using Guid(8d81f9b16a9135446b5451caa37570ee) Importer(815301076,1909f56bfc062723c751e8b465ee728b)  -> (artifact id: '51644199a5e224f584487cf2c172773d') in 0.068224 seconds 
  Import took 0.079246 seconds .

========================================================================
Received Import Request.
  Time since last request: 0.000482 seconds.
  path: Assets/RPG_FPS_game_assets_industrial/Buildings/Industrial/Hangars/Hangar_v2/Source/Hangar_v2_2.FBX
  artifactKey: Guid(3d0ff318627531f4ab4d637dbe23a019) Importer(815301076,1909f56bfc062723c751e8b465ee728b)
Start importing Assets/RPG_FPS_game_assets_industrial/Buildings/Industrial/Hangars/Hangar_v2/Source/Hangar_v2_2.FBX using Guid(3d0ff318627531f4ab4d637dbe23a019) Importer(815301076,1909f56bfc062723c751e8b465ee728b)  -> (artifact id: 'd87d13c6f97e6ab54ff0ee15e9092771') in 0.066218 seconds 
  Import took 0.079072 seconds .

========================================================================
Received Import Request.
  Time since last request: 0.000557 seconds.
  path: Assets/RPG_FPS_game_assets_industrial/Buildings/Industrial/Hangars/Hangar_v2/Source/Hangar_v2_4.FBX
  artifactKey: Guid(24ca52dd31129194da17f5c67f648e90) Importer(815301076,1909f56bfc062723c751e8b465ee728b)
Start importing Assets/RPG_FPS_game_assets_industrial/Buildings/Industrial/Hangars/Hangar_v2/Source/Hangar_v2_4.FBX using Guid(24ca52dd31129194da17f5c67f648e90) Importer(815301076,1909f56bfc062723c751e8b465ee728b)  -> (artifact id: '66ddb0f764e19a4044f988f09bfdc2df') in 0.109795 seconds 
  Import took 0.116797 seconds .

========================================================================
Received Import Request.
  Time since last request: 0.000415 seconds.
  path: Assets/RPG_FPS_game_assets_industrial/Buildings/Industrial/Hangars/Hangar_v2/Source/Hangar_v2_outbuildings.FBX
  artifactKey: Guid(2719b803da1cef94dbb215721f829194) Importer(815301076,1909f56bfc062723c751e8b465ee728b)
Start importing Assets/RPG_FPS_game_assets_industrial/Buildings/Industrial/Hangars/Hangar_v2/Source/Hangar_v2_outbuildings.FBX using Guid(2719b803da1cef94dbb215721f829194) Importer(815301076,1909f56bfc062723c751e8b465ee728b)  -> (artifact id: '70865ecd827522cccdea83e3f3ea9790') in 0.148118 seconds 
  Import took 0.157145 seconds .

========================================================================
Received Import Request.
  Time since last request: 158.854951 seconds.
  path: Assets/RPG_FPS_game_assets_industrial/Donation/Donation.mat
  artifactKey: Guid(dcce9eb7f6c7eff4cac197725dbf7880) Importer(815301076,1909f56bfc062723c751e8b465ee728b)
Start importing Assets/RPG_FPS_game_assets_industrial/Donation/Donation.mat using Guid(dcce9eb7f6c7eff4cac197725dbf7880) Importer(815301076,1909f56bfc062723c751e8b465ee728b)  -> (artifact id: '77f0982ecc3bde4f830ca029ce06bc3e') in 1.116456 seconds 
  Import took 1.121926 seconds .

========================================================================
Received Import Request.
  Time since last request: 0.000301 seconds.
  path: Assets/RPG_FPS_game_assets_industrial/Donation/Donation.png
  artifactKey: Guid(ce661973cd132c94d8a8384b17e91b11) Importer(815301076,1909f56bfc062723c751e8b465ee728b)
Start importing Assets/RPG_FPS_game_assets_industrial/Donation/Donation.png using Guid(ce661973cd132c94d8a8384b17e91b11) Importer(815301076,1909f56bfc062723c751e8b465ee728b)  -> (artifact id: '0acce25e83584c4bf2febb140bd79ab1') in 0.029664 seconds 
  Import took 0.033869 seconds .

========================================================================
Received Import Request.
  Time since last request: 48.170665 seconds.
  path: Assets/RPG_FPS_game_assets_industrial/Barrels/Barrel_v1
  artifactKey: Guid(5424c2ecb16e3324fa14062012b879ac) Importer(815301076,1909f56bfc062723c751e8b465ee728b)
Start importing Assets/RPG_FPS_game_assets_industrial/Barrels/Barrel_v1 using Guid(5424c2ecb16e3324fa14062012b879ac) Importer(815301076,1909f56bfc062723c751e8b465ee728b)  -> (artifact id: '999203a5c646e35d6f2b50ba375c3daa') in 1.015653 seconds 
  Import took 1.021457 seconds .

========================================================================
Received Import Request.
  Time since last request: 0.072029 seconds.
  path: Assets/RPG_FPS_game_assets_industrial/Barrels/Barrel_v1/Barrel_v1_LD1.prefab
  artifactKey: Guid(a22c0c7e17126fa4f89534dc98bcac8f) Importer(815301076,1909f56bfc062723c751e8b465ee728b)
Start importing Assets/RPG_FPS_game_assets_industrial/Barrels/Barrel_v1/Barrel_v1_LD1.prefab using Guid(a22c0c7e17126fa4f89534dc98bcac8f) Importer(815301076,1909f56bfc062723c751e8b465ee728b)  -> (artifact id: 'eda20cf075e7606cda5cd10d7ce9d09c') in 0.082572 seconds 
  Import took 0.088029 seconds .

========================================================================
Received Import Request.
  Time since last request: 0.000374 seconds.
  path: Assets/RPG_FPS_game_assets_industrial/Barrels/Barrel_v1/Barrel_v1_LD2.prefab
  artifactKey: Guid(17002e90aebb00b40a69cf6fe9083dfc) Importer(815301076,1909f56bfc062723c751e8b465ee728b)
Start importing Assets/RPG_FPS_game_assets_industrial/Barrels/Barrel_v1/Barrel_v1_LD2.prefab using Guid(17002e90aebb00b40a69cf6fe9083dfc) Importer(815301076,1909f56bfc062723c751e8b465ee728b)  -> (artifact id: '964fd1246724c32d06cde14ea2ee91c4') in 0.030817 seconds 
  Import took 0.035055 seconds .

========================================================================
Received Import Request.
  Time since last request: 0.000267 seconds.
  path: Assets/RPG_FPS_game_assets_industrial/Barrels/Barrel_v1/Barrel_v1_LD3.prefab
  artifactKey: Guid(85a8f6f8dca77df4e9c05f21b5e8ed87) Importer(815301076,1909f56bfc062723c751e8b465ee728b)
Start importing Assets/RPG_FPS_game_assets_industrial/Barrels/Barrel_v1/Barrel_v1_LD3.prefab using Guid(85a8f6f8dca77df4e9c05f21b5e8ed87) Importer(815301076,1909f56bfc062723c751e8b465ee728b)  -> (artifact id: 'f58d3a762e71e98dcb6fe6aee1d5a426') in 0.044126 seconds 
  Import took 0.048317 seconds .

========================================================================
Received Import Request.
  Time since last request: 0.000459 seconds.
  path: Assets/RPG_FPS_game_assets_industrial/Barrels/Barrel_v1/Barrel_v1_LD2.prefab
  artifactKey: Guid(17002e90aebb00b40a69cf6fe9083dfc) Importer(815301076,1909f56bfc062723c751e8b465ee728b)
Start importing Assets/RPG_FPS_game_assets_industrial/Barrels/Barrel_v1/Barrel_v1_LD2.prefab using Guid(17002e90aebb00b40a69cf6fe9083dfc) Importer(815301076,1909f56bfc062723c751e8b465ee728b)  -> (artifact id: '964fd1246724c32d06cde14ea2ee91c4') in 0.026190 seconds 
  Import took 0.031400 seconds .

========================================================================
Received Prepare
Registering precompiled user dll's ...
Registered in 0.029352 seconds.
Begin MonoManager ReloadAssembly
Native extension for WindowsStandalone target not found
Refreshing native plugins compatible for Editor in 0.99 ms, found 2 plugins.
Preloading 0 native plugins for Editor in 0.00 ms.
Mono: successfully reloaded assembly
- Completed reload, in  5.437 seconds
Platform modules already initialized, skipping
Refreshing native plugins compatible for Editor in 0.82 ms, found 2 plugins.
Preloading 0 native plugins for Editor in 0.00 ms.
Unloading 1521 Unused Serialized files (Serialized files now loaded: 0)
System memory in use before: 74.5 MB.
System memory in use after: 74.5 MB.

Unloading 19 unused Assets to reduce memory usage. Loaded Objects now: 2006.
Total: 4.780900 ms (FindLiveObjects: 0.350400 ms CreateObjectMapping: 0.119100 ms MarkObjects: 4.189600 ms  DeleteObjects: 0.119000 ms)

AssetImportParameters requested are different than current active one (requested -> active):
  custom:framework-win-MediaFoundation: 216162199b28c13a410421893ffa2e32 -> 
  custom:video-decoder-ogg-theora: a1e56fd34408186e4bbccfd4996cb3dc -> 
  custom:container-muxer-webm: aa71ff27fc2769a1b78a27578f13a17b -> 
  custom:container-demuxer-webm: 4f35f7cbe854078d1ac9338744f61a02 -> 
  custom:container-demuxer-ogg: 62fdf1f143b41e24485cea50d1cbac27 -> 
  custom:video-encoder-webm-vp8: eb34c28f22e8b96e1ab97ce403110664 -> 
  custom:video-codec-MediaFoundation-h265: 746d11721c4dcdbdad8f713fa42b33f4 -> 
  custom:video-decoder-webm-vp8: 9c59270c3fd7afecdb556c50c9e8de78 -> 
  custom:audio-decoder-ogg-vorbis: bf7c407c2cedff20999df2af8eb42d56 -> 
  custom:audio-encoder-webm-vorbis: bf7c407c2cedff20999df2af8eb42d56 -> 
AssetImportWorkerClient::OnTransportError - code=2 error=End of file
