Using pre-set license
Built from '2020.3/release' branch; Version is '2020.3.12f1 (b3b2c6512326) revision 11776710'; Using compiler version '192528614'; Build Type 'Release'
OS: 'Windows 10 Home; OS build 19042.1237; Version 2009; 64bit' Language: 'zh' Physical Memory: 8108 MB
BatchMode: 1, IsHumanControllingUs: 0, StartBugReporterOnCrash: 0, Is64bit: 1, IsPro: 0

 COMMAND LINE ARGUMENTS:
C:\2020.3.12f1\Editor\Unity.exe
-adb2
-batchMode
-noUpm
-name
AssetImportWorker16
-projectPath
E:/unity/unity-/3D game
-logFile
Logs/AssetImportWorker16.log
-srvPort
57000
Successfully changed project path to: E:/unity/unity-/3D game
E:/unity/unity-/3D game
Using Asset Import Pipeline V2.
Refreshing native plugins compatible for Editor in 551.54 ms, found 2 plugins.
Preloading 0 native plugins for Editor in 0.00 ms.
Initialize engine version: 2020.3.12f1 (b3b2c6512326)
[Subsystems] Discovering subsystems at path C:/2020.3.12f1/Editor/Data/Resources/UnitySubsystems
[Subsystems] Discovering subsystems at path E:/unity/unity-/3D game/Assets
GfxDevice: creating device client; threaded=0
Direct3D:
    Version:  Direct3D 11.0 [level 11.1]
    Renderer: Intel(R) UHD Graphics 620 (ID=0x5917)
    Vendor:   
    VRAM:     4054 MB
    Driver:   27.20.100.8681
Initialize mono
Mono path[0] = 'C:/2020.3.12f1/Editor/Data/Managed'
Mono path[1] = 'C:/2020.3.12f1/Editor/Data/MonoBleedingEdge/lib/mono/unityjit'
Mono config path = 'C:/2020.3.12f1/Editor/Data/MonoBleedingEdge/etc'
Using monoOptions --debugger-agent=transport=dt_socket,embedding=1,server=y,suspend=n,address=127.0.0.1:56044
Begin MonoManager ReloadAssembly
Registering precompiled unity dll's ...
Register platform support module: C:/2020.3.12f1/Editor/Data/PlaybackEngines/WindowsStandaloneSupport/UnityEditor.WindowsStandalone.Extensions.dll
Registered in 0.006293 seconds.
Native extension for WindowsStandalone target not found
Refreshing native plugins compatible for Editor in 327.08 ms, found 2 plugins.
Preloading 0 native plugins for Editor in 0.00 ms.
Mono: successfully reloaded assembly
- Completed reload, in  7.080 seconds
Platform modules already initialized, skipping
Registering precompiled user dll's ...
Registered in 0.046568 seconds.
Begin MonoManager ReloadAssembly
Native extension for WindowsStandalone target not found
Refreshing native plugins compatible for Editor in 0.97 ms, found 2 plugins.
Preloading 0 native plugins for Editor in 0.00 ms.
Mono: successfully reloaded assembly
- Completed reload, in  5.082 seconds
Platform modules already initialized, skipping
========================================================================
Worker process is ready to serve import requests
Launched and connected shader compiler UnityShaderCompiler.exe after 0.58 seconds
Refreshing native plugins compatible for Editor in 1.80 ms, found 2 plugins.
Preloading 0 native plugins for Editor in 0.00 ms.
Unloading 1555 Unused Serialized files (Serialized files now loaded: 0)
System memory in use before: 72.6 MB.
System memory in use after: 72.7 MB.

Unloading 23 unused Assets to reduce memory usage. Loaded Objects now: 1991.
Total: 9.947800 ms (FindLiveObjects: 0.574000 ms CreateObjectMapping: 0.226800 ms MarkObjects: 8.857800 ms  DeleteObjects: 0.284700 ms)

AssetImportParameters requested are different than current active one (requested -> active):
  custom:framework-win-MediaFoundation: 216162199b28c13a410421893ffa2e32 -> 
  custom:video-decoder-ogg-theora: a1e56fd34408186e4bbccfd4996cb3dc -> 
  custom:container-muxer-webm: aa71ff27fc2769a1b78a27578f13a17b -> 
  custom:container-demuxer-webm: 4f35f7cbe854078d1ac9338744f61a02 -> 
  custom:container-demuxer-ogg: 62fdf1f143b41e24485cea50d1cbac27 -> 
  custom:video-encoder-webm-vp8: eb34c28f22e8b96e1ab97ce403110664 -> 
  custom:video-codec-MediaFoundation-h265: 746d11721c4dcdbdad8f713fa42b33f4 -> 
  custom:video-decoder-webm-vp8: 9c59270c3fd7afecdb556c50c9e8de78 -> 
  custom:audio-decoder-ogg-vorbis: bf7c407c2cedff20999df2af8eb42d56 -> 
  custom:audio-encoder-webm-vorbis: bf7c407c2cedff20999df2af8eb42d56 -> 
========================================================================
Received Import Request.
  path: Assets/Scripts/MissionManager.cs
  artifactKey: Guid(1356c5d040c00234a917f32bfed046b5) Importer(815301076,1909f56bfc062723c751e8b465ee728b)
Start importing Assets/Scripts/MissionManager.cs using Guid(1356c5d040c00234a917f32bfed046b5) Importer(815301076,1909f56bfc062723c751e8b465ee728b)  -> (artifact id: 'ef8306ae5e579e87b2b9f67781e57dfe') in 0.202122 seconds 
  Import took 0.214345 seconds .

========================================================================
Received Import Request.
  Time since last request: 6.742157 seconds.
  path: Assets/Scripts/MissionManager.cs
  artifactKey: Guid(1356c5d040c00234a917f32bfed046b5) Importer(815301076,1909f56bfc062723c751e8b465ee728b)
Start importing Assets/Scripts/MissionManager.cs using Guid(1356c5d040c00234a917f32bfed046b5) Importer(815301076,1909f56bfc062723c751e8b465ee728b)  -> (artifact id: '6e7063a49a8f09343c9db6f6d020e12a') in 0.245320 seconds 
  Import took 0.269208 seconds .

========================================================================
Received Import Request.
  Time since last request: 0.436555 seconds.
  path: Assets/Scripts/MissionManager.cs
  artifactKey: Guid(1356c5d040c00234a917f32bfed046b5) Importer(815301076,1909f56bfc062723c751e8b465ee728b)
Start importing Assets/Scripts/MissionManager.cs using Guid(1356c5d040c00234a917f32bfed046b5) Importer(815301076,1909f56bfc062723c751e8b465ee728b)  -> (artifact id: '6e7063a49a8f09343c9db6f6d020e12a') in 0.018459 seconds 
  Import took 0.030794 seconds .

========================================================================
Received Prepare
Registering precompiled user dll's ...
Registered in 0.027021 seconds.
Begin MonoManager ReloadAssembly
Native extension for WindowsStandalone target not found
Refreshing native plugins compatible for Editor in 1.70 ms, found 2 plugins.
Preloading 0 native plugins for Editor in 0.00 ms.
Mono: successfully reloaded assembly
- Completed reload, in  3.289 seconds
Platform modules already initialized, skipping
Refreshing native plugins compatible for Editor in 0.70 ms, found 2 plugins.
Preloading 0 native plugins for Editor in 0.00 ms.
Unloading 1550 Unused Serialized files (Serialized files now loaded: 0)
System memory in use before: 72.6 MB.
System memory in use after: 72.7 MB.

Unloading 18 unused Assets to reduce memory usage. Loaded Objects now: 1994.
Total: 6.010300 ms (FindLiveObjects: 0.515300 ms CreateObjectMapping: 0.255300 ms MarkObjects: 5.106400 ms  DeleteObjects: 0.130400 ms)

AssetImportParameters requested are different than current active one (requested -> active):
  custom:framework-win-MediaFoundation: 216162199b28c13a410421893ffa2e32 -> 
  custom:video-decoder-ogg-theora: a1e56fd34408186e4bbccfd4996cb3dc -> 
  custom:container-muxer-webm: aa71ff27fc2769a1b78a27578f13a17b -> 
  custom:container-demuxer-webm: 4f35f7cbe854078d1ac9338744f61a02 -> 
  custom:container-demuxer-ogg: 62fdf1f143b41e24485cea50d1cbac27 -> 
  custom:video-encoder-webm-vp8: eb34c28f22e8b96e1ab97ce403110664 -> 
  custom:video-codec-MediaFoundation-h265: 746d11721c4dcdbdad8f713fa42b33f4 -> 
  custom:video-decoder-webm-vp8: 9c59270c3fd7afecdb556c50c9e8de78 -> 
  custom:audio-decoder-ogg-vorbis: bf7c407c2cedff20999df2af8eb42d56 -> 
  custom:audio-encoder-webm-vorbis: bf7c407c2cedff20999df2af8eb42d56 -> 
========================================================================
Received Prepare
Registering precompiled user dll's ...
Registered in 0.021291 seconds.
Begin MonoManager ReloadAssembly
Native extension for WindowsStandalone target not found
Refreshing native plugins compatible for Editor in 0.74 ms, found 2 plugins.
Preloading 0 native plugins for Editor in 0.00 ms.
Mono: successfully reloaded assembly
- Completed reload, in  2.879 seconds
Platform modules already initialized, skipping
Refreshing native plugins compatible for Editor in 0.71 ms, found 2 plugins.
Preloading 0 native plugins for Editor in 0.00 ms.
Unloading 1550 Unused Serialized files (Serialized files now loaded: 0)
System memory in use before: 72.6 MB.
System memory in use after: 72.7 MB.

Unloading 18 unused Assets to reduce memory usage. Loaded Objects now: 1997.
Total: 3.517000 ms (FindLiveObjects: 0.426500 ms CreateObjectMapping: 0.190700 ms MarkObjects: 2.810900 ms  DeleteObjects: 0.086600 ms)

AssetImportParameters requested are different than current active one (requested -> active):
  custom:framework-win-MediaFoundation: 216162199b28c13a410421893ffa2e32 -> 
  custom:video-decoder-ogg-theora: a1e56fd34408186e4bbccfd4996cb3dc -> 
  custom:container-muxer-webm: aa71ff27fc2769a1b78a27578f13a17b -> 
  custom:container-demuxer-webm: 4f35f7cbe854078d1ac9338744f61a02 -> 
  custom:container-demuxer-ogg: 62fdf1f143b41e24485cea50d1cbac27 -> 
  custom:video-encoder-webm-vp8: eb34c28f22e8b96e1ab97ce403110664 -> 
  custom:video-codec-MediaFoundation-h265: 746d11721c4dcdbdad8f713fa42b33f4 -> 
  custom:video-decoder-webm-vp8: 9c59270c3fd7afecdb556c50c9e8de78 -> 
  custom:audio-decoder-ogg-vorbis: bf7c407c2cedff20999df2af8eb42d56 -> 
  custom:audio-encoder-webm-vorbis: bf7c407c2cedff20999df2af8eb42d56 -> 
========================================================================
Received Import Request.
  Time since last request: 229.036791 seconds.
  path: Assets/Scripts/MissionManager.cs
  artifactKey: Guid(1356c5d040c00234a917f32bfed046b5) Importer(815301076,1909f56bfc062723c751e8b465ee728b)
Start importing Assets/Scripts/MissionManager.cs using Guid(1356c5d040c00234a917f32bfed046b5) Importer(815301076,1909f56bfc062723c751e8b465ee728b)  -> (artifact id: '867eaec24849ac0d99b9e6381e42238b') in 0.010694 seconds 
  Import took 0.020696 seconds .

========================================================================
Received Prepare
Registering precompiled user dll's ...
Registered in 0.021862 seconds.
Begin MonoManager ReloadAssembly
Native extension for WindowsStandalone target not found
Refreshing native plugins compatible for Editor in 0.67 ms, found 2 plugins.
Preloading 0 native plugins for Editor in 0.00 ms.
Mono: successfully reloaded assembly
- Completed reload, in  3.293 seconds
Platform modules already initialized, skipping
Refreshing native plugins compatible for Editor in 0.68 ms, found 2 plugins.
Preloading 0 native plugins for Editor in 0.00 ms.
Unloading 1550 Unused Serialized files (Serialized files now loaded: 0)
System memory in use before: 72.7 MB.
System memory in use after: 72.7 MB.

Unloading 18 unused Assets to reduce memory usage. Loaded Objects now: 2000.
Total: 5.537800 ms (FindLiveObjects: 0.280500 ms CreateObjectMapping: 0.101800 ms MarkObjects: 5.006700 ms  DeleteObjects: 0.146400 ms)

AssetImportParameters requested are different than current active one (requested -> active):
  custom:framework-win-MediaFoundation: 216162199b28c13a410421893ffa2e32 -> 
  custom:video-decoder-ogg-theora: a1e56fd34408186e4bbccfd4996cb3dc -> 
  custom:container-muxer-webm: aa71ff27fc2769a1b78a27578f13a17b -> 
  custom:container-demuxer-webm: 4f35f7cbe854078d1ac9338744f61a02 -> 
  custom:container-demuxer-ogg: 62fdf1f143b41e24485cea50d1cbac27 -> 
  custom:video-encoder-webm-vp8: eb34c28f22e8b96e1ab97ce403110664 -> 
  custom:video-codec-MediaFoundation-h265: 746d11721c4dcdbdad8f713fa42b33f4 -> 
  custom:video-decoder-webm-vp8: 9c59270c3fd7afecdb556c50c9e8de78 -> 
  custom:audio-decoder-ogg-vorbis: bf7c407c2cedff20999df2af8eb42d56 -> 
  custom:audio-encoder-webm-vorbis: bf7c407c2cedff20999df2af8eb42d56 -> 
========================================================================
Received Import Request.
  Time since last request: 919.326805 seconds.
  path: Assets/欲置物/怪物.prefab
  artifactKey: Guid(3677d5badcc997b4ebe9b4109c60c593) Importer(815301076,1909f56bfc062723c751e8b465ee728b)
Start importing Assets/欲置物/怪物.prefab using Guid(3677d5badcc997b4ebe9b4109c60c593) Importer(815301076,1909f56bfc062723c751e8b465ee728b)  -> (artifact id: 'e4644d3e5dc8883a03872604f3d55e1c') in 10.159220 seconds 
  Import took 10.607063 seconds .

========================================================================
Received Prepare
Registering precompiled user dll's ...
Registered in 0.385766 seconds.
Begin MonoManager ReloadAssembly
Native extension for WindowsStandalone target not found
Refreshing native plugins compatible for Editor in 0.76 ms, found 2 plugins.
Preloading 0 native plugins for Editor in 0.00 ms.
Mono: successfully reloaded assembly
- Completed reload, in  3.101 seconds
Platform modules already initialized, skipping
Refreshing native plugins compatible for Editor in 0.77 ms, found 2 plugins.
Preloading 0 native plugins for Editor in 0.00 ms.
Unloading 1550 Unused Serialized files (Serialized files now loaded: 0)
System memory in use before: 89.4 MB.
System memory in use after: 89.5 MB.

Unloading 18 unused Assets to reduce memory usage. Loaded Objects now: 2011.
Total: 3.112000 ms (FindLiveObjects: 0.244200 ms CreateObjectMapping: 0.080100 ms MarkObjects: 2.699700 ms  DeleteObjects: 0.086500 ms)

AssetImportParameters requested are different than current active one (requested -> active):
  custom:framework-win-MediaFoundation: 216162199b28c13a410421893ffa2e32 -> 
  custom:video-decoder-ogg-theora: a1e56fd34408186e4bbccfd4996cb3dc -> 
  custom:container-muxer-webm: aa71ff27fc2769a1b78a27578f13a17b -> 
  custom:container-demuxer-webm: 4f35f7cbe854078d1ac9338744f61a02 -> 
  custom:container-demuxer-ogg: 62fdf1f143b41e24485cea50d1cbac27 -> 
  custom:video-encoder-webm-vp8: eb34c28f22e8b96e1ab97ce403110664 -> 
  custom:video-codec-MediaFoundation-h265: 746d11721c4dcdbdad8f713fa42b33f4 -> 
  custom:video-decoder-webm-vp8: 9c59270c3fd7afecdb556c50c9e8de78 -> 
  custom:audio-decoder-ogg-vorbis: bf7c407c2cedff20999df2af8eb42d56 -> 
  custom:audio-encoder-webm-vorbis: bf7c407c2cedff20999df2af8eb42d56 -> 
========================================================================
Received Prepare
Registering precompiled user dll's ...
Registered in 0.036082 seconds.
Begin MonoManager ReloadAssembly
Native extension for WindowsStandalone target not found
Refreshing native plugins compatible for Editor in 1.81 ms, found 2 plugins.
Preloading 0 native plugins for Editor in 0.00 ms.
Mono: successfully reloaded assembly
- Completed reload, in  5.623 seconds
Platform modules already initialized, skipping
Refreshing native plugins compatible for Editor in 1.09 ms, found 2 plugins.
Preloading 0 native plugins for Editor in 0.00 ms.
Unloading 1550 Unused Serialized files (Serialized files now loaded: 0)
System memory in use before: 89.4 MB.
System memory in use after: 89.5 MB.

Unloading 18 unused Assets to reduce memory usage. Loaded Objects now: 2014.
Total: 19.088900 ms (FindLiveObjects: 1.489000 ms CreateObjectMapping: 0.593900 ms MarkObjects: 16.599900 ms  DeleteObjects: 0.393600 ms)

AssetImportParameters requested are different than current active one (requested -> active):
  custom:framework-win-MediaFoundation: 216162199b28c13a410421893ffa2e32 -> 
  custom:video-decoder-ogg-theora: a1e56fd34408186e4bbccfd4996cb3dc -> 
  custom:container-muxer-webm: aa71ff27fc2769a1b78a27578f13a17b -> 
  custom:container-demuxer-webm: 4f35f7cbe854078d1ac9338744f61a02 -> 
  custom:container-demuxer-ogg: 62fdf1f143b41e24485cea50d1cbac27 -> 
  custom:video-encoder-webm-vp8: eb34c28f22e8b96e1ab97ce403110664 -> 
  custom:video-codec-MediaFoundation-h265: 746d11721c4dcdbdad8f713fa42b33f4 -> 
  custom:video-decoder-webm-vp8: 9c59270c3fd7afecdb556c50c9e8de78 -> 
  custom:audio-decoder-ogg-vorbis: bf7c407c2cedff20999df2af8eb42d56 -> 
  custom:audio-encoder-webm-vorbis: bf7c407c2cedff20999df2af8eb42d56 -> 
========================================================================
Received Prepare
Registering precompiled user dll's ...
Registered in 0.030973 seconds.
Begin MonoManager ReloadAssembly
Native extension for WindowsStandalone target not found
Refreshing native plugins compatible for Editor in 0.84 ms, found 2 plugins.
Preloading 0 native plugins for Editor in 0.00 ms.
Mono: successfully reloaded assembly
- Completed reload, in  2.972 seconds
Platform modules already initialized, skipping
Refreshing native plugins compatible for Editor in 0.90 ms, found 2 plugins.
Preloading 0 native plugins for Editor in 0.00 ms.
Unloading 1550 Unused Serialized files (Serialized files now loaded: 0)
System memory in use before: 89.4 MB.
System memory in use after: 89.5 MB.

Unloading 18 unused Assets to reduce memory usage. Loaded Objects now: 2017.
Total: 6.313800 ms (FindLiveObjects: 0.445200 ms CreateObjectMapping: 0.186700 ms MarkObjects: 5.519000 ms  DeleteObjects: 0.160200 ms)

AssetImportParameters requested are different than current active one (requested -> active):
  custom:framework-win-MediaFoundation: 216162199b28c13a410421893ffa2e32 -> 
  custom:video-decoder-ogg-theora: a1e56fd34408186e4bbccfd4996cb3dc -> 
  custom:container-muxer-webm: aa71ff27fc2769a1b78a27578f13a17b -> 
  custom:container-demuxer-webm: 4f35f7cbe854078d1ac9338744f61a02 -> 
  custom:container-demuxer-ogg: 62fdf1f143b41e24485cea50d1cbac27 -> 
  custom:video-encoder-webm-vp8: eb34c28f22e8b96e1ab97ce403110664 -> 
  custom:video-codec-MediaFoundation-h265: 746d11721c4dcdbdad8f713fa42b33f4 -> 
  custom:video-decoder-webm-vp8: 9c59270c3fd7afecdb556c50c9e8de78 -> 
  custom:audio-decoder-ogg-vorbis: bf7c407c2cedff20999df2af8eb42d56 -> 
  custom:audio-encoder-webm-vorbis: bf7c407c2cedff20999df2af8eb42d56 -> 
========================================================================
Received Prepare
Registering precompiled user dll's ...
Registered in 0.038862 seconds.
Begin MonoManager ReloadAssembly
Native extension for WindowsStandalone target not found
Refreshing native plugins compatible for Editor in 2.53 ms, found 2 plugins.
Preloading 0 native plugins for Editor in 0.00 ms.
Mono: successfully reloaded assembly
- Completed reload, in  6.172 seconds
Platform modules already initialized, skipping
Refreshing native plugins compatible for Editor in 1.45 ms, found 2 plugins.
Preloading 0 native plugins for Editor in 0.00 ms.
Unloading 1550 Unused Serialized files (Serialized files now loaded: 0)
System memory in use before: 89.4 MB.
System memory in use after: 89.5 MB.

Unloading 18 unused Assets to reduce memory usage. Loaded Objects now: 2020.
Total: 8.617300 ms (FindLiveObjects: 0.925100 ms CreateObjectMapping: 0.957500 ms MarkObjects: 6.585600 ms  DeleteObjects: 0.145600 ms)

AssetImportParameters requested are different than current active one (requested -> active):
  custom:framework-win-MediaFoundation: 216162199b28c13a410421893ffa2e32 -> 
  custom:video-decoder-ogg-theora: a1e56fd34408186e4bbccfd4996cb3dc -> 
  custom:container-muxer-webm: aa71ff27fc2769a1b78a27578f13a17b -> 
  custom:container-demuxer-webm: 4f35f7cbe854078d1ac9338744f61a02 -> 
  custom:container-demuxer-ogg: 62fdf1f143b41e24485cea50d1cbac27 -> 
  custom:video-encoder-webm-vp8: eb34c28f22e8b96e1ab97ce403110664 -> 
  custom:video-codec-MediaFoundation-h265: 746d11721c4dcdbdad8f713fa42b33f4 -> 
  custom:video-decoder-webm-vp8: 9c59270c3fd7afecdb556c50c9e8de78 -> 
  custom:audio-decoder-ogg-vorbis: bf7c407c2cedff20999df2af8eb42d56 -> 
  custom:audio-encoder-webm-vorbis: bf7c407c2cedff20999df2af8eb42d56 -> 
========================================================================
Received Prepare
Registering precompiled user dll's ...
Registered in 0.028371 seconds.
Begin MonoManager ReloadAssembly
Native extension for WindowsStandalone target not found
Refreshing native plugins compatible for Editor in 1.47 ms, found 2 plugins.
Preloading 0 native plugins for Editor in 0.00 ms.
Mono: successfully reloaded assembly
- Completed reload, in  3.914 seconds
Platform modules already initialized, skipping
Refreshing native plugins compatible for Editor in 1.51 ms, found 2 plugins.
Preloading 0 native plugins for Editor in 0.00 ms.
Unloading 1550 Unused Serialized files (Serialized files now loaded: 0)
System memory in use before: 89.4 MB.
System memory in use after: 89.5 MB.

Unloading 18 unused Assets to reduce memory usage. Loaded Objects now: 2023.
Total: 5.077900 ms (FindLiveObjects: 0.294600 ms CreateObjectMapping: 0.117200 ms MarkObjects: 4.487500 ms  DeleteObjects: 0.175500 ms)

AssetImportParameters requested are different than current active one (requested -> active):
  custom:framework-win-MediaFoundation: 216162199b28c13a410421893ffa2e32 -> 
  custom:video-decoder-ogg-theora: a1e56fd34408186e4bbccfd4996cb3dc -> 
  custom:container-muxer-webm: aa71ff27fc2769a1b78a27578f13a17b -> 
  custom:container-demuxer-webm: 4f35f7cbe854078d1ac9338744f61a02 -> 
  custom:container-demuxer-ogg: 62fdf1f143b41e24485cea50d1cbac27 -> 
  custom:video-encoder-webm-vp8: eb34c28f22e8b96e1ab97ce403110664 -> 
  custom:video-codec-MediaFoundation-h265: 746d11721c4dcdbdad8f713fa42b33f4 -> 
  custom:video-decoder-webm-vp8: 9c59270c3fd7afecdb556c50c9e8de78 -> 
  custom:audio-decoder-ogg-vorbis: bf7c407c2cedff20999df2af8eb42d56 -> 
  custom:audio-encoder-webm-vorbis: bf7c407c2cedff20999df2af8eb42d56 -> 
========================================================================
Received Import Request.
  Time since last request: 3263.266953 seconds.
  path: Assets/欲置物/怪物 1.prefab
  artifactKey: Guid(bc857db976820c54eb64b3c7386d2d10) Importer(815301076,1909f56bfc062723c751e8b465ee728b)
Start importing Assets/欲置物/怪物 1.prefab using Guid(bc857db976820c54eb64b3c7386d2d10) Importer(815301076,1909f56bfc062723c751e8b465ee728b)  -> (artifact id: '14ed042260bee7ccbafc7f1f96c24039') in 5.194741 seconds 
  Import took 5.249972 seconds .

========================================================================
Received Import Request.
  Time since last request: 2.341186 seconds.
  path: Assets/欲置物/玩家.prefab
  artifactKey: Guid(b63e21dfbe026344aba62fb0cbe1f962) Importer(815301076,1909f56bfc062723c751e8b465ee728b)
Start importing Assets/欲置物/玩家.prefab using Guid(b63e21dfbe026344aba62fb0cbe1f962) Importer(815301076,1909f56bfc062723c751e8b465ee728b)  -> (artifact id: 'aaf620038057ff82231eb68e667a2051') in 3.348072 seconds 
  Import took 3.380720 seconds .

========================================================================
Received Import Request.
  Time since last request: 23.372469 seconds.
  path: Assets/欲置物/怪物 Variant.prefab
  artifactKey: Guid(68598ff67039aa64683ed6405afe8bd6) Importer(815301076,1909f56bfc062723c751e8b465ee728b)
Start importing Assets/欲置物/怪物 Variant.prefab using Guid(68598ff67039aa64683ed6405afe8bd6) Importer(815301076,1909f56bfc062723c751e8b465ee728b)  -> (artifact id: 'fe2e5be8f7e3559f1dacfae24214fa4f') in 1.493609 seconds 
  Import took 1.541577 seconds .

========================================================================
Received Import Request.
  Time since last request: 16.807822 seconds.
  path: Assets/欲置物/怪物 1.prefab
  artifactKey: Guid(bc857db976820c54eb64b3c7386d2d10) Importer(815301076,1909f56bfc062723c751e8b465ee728b)
Start importing Assets/欲置物/怪物 1.prefab using Guid(bc857db976820c54eb64b3c7386d2d10) Importer(815301076,1909f56bfc062723c751e8b465ee728b)  -> (artifact id: '14d9ea7237f9bd9f91c0049d6c3825e3') in 1.017406 seconds 
  Import took 1.064527 seconds .

========================================================================
Received Import Request.
  Time since last request: 4.048338 seconds.
  path: Assets/欲置物/變身系統.prefab
  artifactKey: Guid(b3779207dfe23f94b8081614b54f052a) Importer(815301076,1909f56bfc062723c751e8b465ee728b)
Start importing Assets/欲置物/變身系統.prefab using Guid(b3779207dfe23f94b8081614b54f052a) Importer(815301076,1909f56bfc062723c751e8b465ee728b)  -> (artifact id: '50f86702f75985842ba3c8a47fea2a21') in 0.100772 seconds 
  Import took 0.114669 seconds .

========================================================================
Received Import Request.
  Time since last request: 4.538334 seconds.
  path: Assets/欲置物/玩家變身後.prefab
  artifactKey: Guid(7f7cfdbc9d19be34fb9045ab01394a30) Importer(815301076,1909f56bfc062723c751e8b465ee728b)
Start importing Assets/欲置物/玩家變身後.prefab using Guid(7f7cfdbc9d19be34fb9045ab01394a30) Importer(815301076,1909f56bfc062723c751e8b465ee728b)  -> (artifact id: '23cf5e8df1e03a1e86240956de61131b') in 0.100742 seconds 
  Import took 0.112489 seconds .

========================================================================
Received Import Request.
  Time since last request: 2.475245 seconds.
  path: Assets/欲置物/任務管理器.prefab
  artifactKey: Guid(02bfebd140d41d04f98b0ea6c790ec3b) Importer(815301076,1909f56bfc062723c751e8b465ee728b)
Start importing Assets/欲置物/任務管理器.prefab using Guid(02bfebd140d41d04f98b0ea6c790ec3b) Importer(815301076,1909f56bfc062723c751e8b465ee728b)  -> (artifact id: 'ef0ec886f2fb26622896a987f1a56674') in 0.055995 seconds 
  Import took 0.074933 seconds .

========================================================================
Received Import Request.
  Time since last request: 1.966622 seconds.
  path: Assets/欲置物/畫布.prefab
  artifactKey: Guid(fcbdad6144068ad4f88f137f6b691efa) Importer(815301076,1909f56bfc062723c751e8b465ee728b)
Start importing Assets/欲置物/畫布.prefab using Guid(fcbdad6144068ad4f88f137f6b691efa) Importer(815301076,1909f56bfc062723c751e8b465ee728b)  -> (artifact id: '581ffe2af3fbcf30b309d3cb956db4ab') in 0.042950 seconds 
  Import took 0.055767 seconds .

========================================================================
Received Import Request.
  Time since last request: 0.013928 seconds.
  path: Assets/欲置物/畫布.prefab
  artifactKey: Guid(fcbdad6144068ad4f88f137f6b691efa) Importer(815301076,1909f56bfc062723c751e8b465ee728b)
Start importing Assets/欲置物/畫布.prefab using Guid(fcbdad6144068ad4f88f137f6b691efa) Importer(815301076,1909f56bfc062723c751e8b465ee728b)  -> (artifact id: '581ffe2af3fbcf30b309d3cb956db4ab') in 0.014308 seconds 
  Import took 0.024669 seconds .

AssetImportWorkerClient::OnTransportError - code=2 error=End of file
