Using pre-set license
Built from '2020.3/release' branch; Version is '2020.3.12f1 (b3b2c6512326) revision 11776710'; Using compiler version '192528614'; Build Type 'Release'
OS: 'Windows 10 Home; OS build 19042.1110; Version 2009; 64bit' Language: 'zh' Physical Memory: 8108 MB
BatchMode: 1, IsHumanControllingUs: 0, StartBugReporterOnCrash: 0, Is64bit: 1, IsPro: 0

 COMMAND LINE ARGUMENTS:
C:\2020.3.12f1\Editor\Unity.exe
-adb2
-batchMode
-noUpm
-name
AssetImportWorker0
-projectPath
E:/unity/unity-/New Unity Project
-logFile
Logs/AssetImportWorker0.log
-srvPort
62881
Successfully changed project path to: E:/unity/unity-/New Unity Project
E:/unity/unity-/New Unity Project
Using Asset Import Pipeline V2.
Refreshing native plugins compatible for Editor in 82.86 ms, found 3 plugins.
Preloading 0 native plugins for Editor in 0.00 ms.
Initialize engine version: 2020.3.12f1 (b3b2c6512326)
[Subsystems] Discovering subsystems at path C:/2020.3.12f1/Editor/Data/Resources/UnitySubsystems
[Subsystems] Discovering subsystems at path E:/unity/unity-/New Unity Project/Assets
GfxDevice: creating device client; threaded=0
Direct3D:
    Version:  Direct3D 11.0 [level 11.1]
    Renderer: Intel(R) UHD Graphics 620 (ID=0x5917)
    Vendor:   
    VRAM:     4054 MB
    Driver:   27.20.100.8681
Initialize mono
Mono path[0] = 'C:/2020.3.12f1/Editor/Data/Managed'
Mono path[1] = 'C:/2020.3.12f1/Editor/Data/MonoBleedingEdge/lib/mono/unityjit'
Mono config path = 'C:/2020.3.12f1/Editor/Data/MonoBleedingEdge/etc'
Using monoOptions --debugger-agent=transport=dt_socket,embedding=1,server=y,suspend=n,address=127.0.0.1:56276
Begin MonoManager ReloadAssembly
Registering precompiled unity dll's ...
Register platform support module: C:/2020.3.12f1/Editor/Data/PlaybackEngines/WindowsStandaloneSupport/UnityEditor.WindowsStandalone.Extensions.dll
Registered in 0.002799 seconds.
Native extension for WindowsStandalone target not found
Refreshing native plugins compatible for Editor in 61.66 ms, found 3 plugins.
Preloading 0 native plugins for Editor in 0.00 ms.
Mono: successfully reloaded assembly
- Completed reload, in  2.230 seconds
Platform modules already initialized, skipping
Registering precompiled user dll's ...
Registered in 0.182908 seconds.
Begin MonoManager ReloadAssembly
Native extension for WindowsStandalone target not found
Refreshing native plugins compatible for Editor in 54.53 ms, found 3 plugins.
Preloading 0 native plugins for Editor in 0.00 ms.
Mono: successfully reloaded assembly
- Completed reload, in  1.717 seconds
Platform modules already initialized, skipping
========================================================================
Worker process is ready to serve import requests
Launched and connected shader compiler UnityShaderCompiler.exe after 0.08 seconds
Refreshing native plugins compatible for Editor in 0.59 ms, found 3 plugins.
Preloading 0 native plugins for Editor in 0.00 ms.
Unloading 2080 Unused Serialized files (Serialized files now loaded: 0)
System memory in use before: 92.8 MB.
System memory in use after: 92.8 MB.

Unloading 33 unused Assets to reduce memory usage. Loaded Objects now: 2514.
Total: 3.556100 ms (FindLiveObjects: 0.311900 ms CreateObjectMapping: 0.113700 ms MarkObjects: 2.959500 ms  DeleteObjects: 0.169600 ms)

AssetImportParameters requested are different than current active one (requested -> active):
  custom:framework-win-MediaFoundation: 216162199b28c13a410421893ffa2e32 -> 
  custom:video-decoder-ogg-theora: a1e56fd34408186e4bbccfd4996cb3dc -> 
  custom:container-muxer-webm: aa71ff27fc2769a1b78a27578f13a17b -> 
  custom:container-demuxer-webm: 4f35f7cbe854078d1ac9338744f61a02 -> 
  custom:container-demuxer-ogg: 62fdf1f143b41e24485cea50d1cbac27 -> 
  custom:video-encoder-webm-vp8: eb34c28f22e8b96e1ab97ce403110664 -> 
  custom:video-codec-MediaFoundation-h265: 746d11721c4dcdbdad8f713fa42b33f4 -> 
  custom:video-decoder-webm-vp8: 9c59270c3fd7afecdb556c50c9e8de78 -> 
  custom:audio-decoder-ogg-vorbis: bf7c407c2cedff20999df2af8eb42d56 -> 
  custom:audio-encoder-webm-vorbis: bf7c407c2cedff20999df2af8eb42d56 -> 
========================================================================
Received Import Request.
  path: Assets/圖片/PinClipart.com_cute-black-cat-clipart_5610491.png
  artifactKey: Guid(e9751c292ff6ca448b0db4c225bbcaba) Importer(815301076,1909f56bfc062723c751e8b465ee728b)
Start importing Assets/圖片/PinClipart.com_cute-black-cat-clipart_5610491.png using Guid(e9751c292ff6ca448b0db4c225bbcaba) Importer(815301076,1909f56bfc062723c751e8b465ee728b)  -> (artifact id: 'f67ce4393a134a7b3f042fa65b0f3f77') in 0.179363 seconds 
  Import took 0.189165 seconds .

========================================================================
Received Import Request.
  Time since last request: 48.021046 seconds.
  path: Assets/素材
  artifactKey: Guid(6ed43bcb37a4c1c4eb912571c7336396) Importer(815301076,1909f56bfc062723c751e8b465ee728b)
Start importing Assets/素材 using Guid(6ed43bcb37a4c1c4eb912571c7336396) Importer(815301076,1909f56bfc062723c751e8b465ee728b)  -> (artifact id: 'c911ad07f3d193d560988bcc04370190') in 0.015682 seconds 
  Import took 0.024696 seconds .

========================================================================
Received Import Request.
  Time since last request: 12.305444 seconds.
  path: Assets/素材/New Material.mat
  artifactKey: Guid(af99589d59b8c5a46be16a51ac398b3c) Importer(815301076,1909f56bfc062723c751e8b465ee728b)
Start importing Assets/素材/New Material.mat using Guid(af99589d59b8c5a46be16a51ac398b3c) Importer(815301076,1909f56bfc062723c751e8b465ee728b)  -> (artifact id: '0f856eda12b7ebaeb09abcd8ab7cb352') in 0.206397 seconds 
  Import took 0.215887 seconds .

========================================================================
Received Import Request.
  Time since last request: 333.988280 seconds.
  path: Assets/素材/New Material.mat
  artifactKey: Guid(af99589d59b8c5a46be16a51ac398b3c) Importer(815301076,1909f56bfc062723c751e8b465ee728b)
Start importing Assets/素材/New Material.mat using Guid(af99589d59b8c5a46be16a51ac398b3c) Importer(815301076,1909f56bfc062723c751e8b465ee728b)  -> (artifact id: '22c01e127cffe06fd5ca622b4ddea474') in 0.065419 seconds 
  Import took 0.074814 seconds .

AssetImportWorkerClient::OnTransportError - code=2 error=End of file
