Using pre-set license
Built from '2020.3/release' branch; Version is '2020.3.12f1 (b3b2c6512326) revision 11776710'; Using compiler version '192528614'; Build Type 'Release'
OS: 'Windows 10 Home; OS build 19042.1110; Version 2009; 64bit' Language: 'zh' Physical Memory: 8108 MB
BatchMode: 1, IsHumanControllingUs: 0, StartBugReporterOnCrash: 0, Is64bit: 1, IsPro: 0

 COMMAND LINE ARGUMENTS:
C:\2020.3.12f1\Editor\Unity.exe
-adb2
-batchMode
-noUpm
-name
AssetImportWorker1
-projectPath
E:/unity/unity-/New Unity Project
-logFile
Logs/AssetImportWorker1.log
-srvPort
61476
Successfully changed project path to: E:/unity/unity-/New Unity Project
E:/unity/unity-/New Unity Project
Using Asset Import Pipeline V2.
Refreshing native plugins compatible for Editor in 72.92 ms, found 3 plugins.
Preloading 0 native plugins for Editor in 0.00 ms.
Initialize engine version: 2020.3.12f1 (b3b2c6512326)
[Subsystems] Discovering subsystems at path C:/2020.3.12f1/Editor/Data/Resources/UnitySubsystems
[Subsystems] Discovering subsystems at path E:/unity/unity-/New Unity Project/Assets
GfxDevice: creating device client; threaded=0
Direct3D:
    Version:  Direct3D 11.0 [level 11.1]
    Renderer: Intel(R) UHD Graphics 620 (ID=0x5917)
    Vendor:   
    VRAM:     4054 MB
    Driver:   27.20.100.8681
Initialize mono
Mono path[0] = 'C:/2020.3.12f1/Editor/Data/Managed'
Mono path[1] = 'C:/2020.3.12f1/Editor/Data/MonoBleedingEdge/lib/mono/unityjit'
Mono config path = 'C:/2020.3.12f1/Editor/Data/MonoBleedingEdge/etc'
Using monoOptions --debugger-agent=transport=dt_socket,embedding=1,server=y,suspend=n,address=127.0.0.1:56984
Begin MonoManager ReloadAssembly
Registering precompiled unity dll's ...
Register platform support module: C:/2020.3.12f1/Editor/Data/PlaybackEngines/WindowsStandaloneSupport/UnityEditor.WindowsStandalone.Extensions.dll
Registered in 0.003203 seconds.
Native extension for WindowsStandalone target not found
Refreshing native plugins compatible for Editor in 75.92 ms, found 3 plugins.
Preloading 0 native plugins for Editor in 0.00 ms.
Mono: successfully reloaded assembly
- Completed reload, in  1.950 seconds
Platform modules already initialized, skipping
Registering precompiled user dll's ...
Registered in 0.012789 seconds.
Begin MonoManager ReloadAssembly
Native extension for WindowsStandalone target not found
Refreshing native plugins compatible for Editor in 88.77 ms, found 3 plugins.
Preloading 0 native plugins for Editor in 0.00 ms.
Mono: successfully reloaded assembly
- Completed reload, in  7.436 seconds
Platform modules already initialized, skipping
========================================================================
Worker process is ready to serve import requests
Launched and connected shader compiler UnityShaderCompiler.exe after 0.10 seconds
Refreshing native plugins compatible for Editor in 0.58 ms, found 3 plugins.
Preloading 0 native plugins for Editor in 0.00 ms.
Unloading 2080 Unused Serialized files (Serialized files now loaded: 0)
System memory in use before: 93.1 MB.
System memory in use after: 93.0 MB.

Unloading 33 unused Assets to reduce memory usage. Loaded Objects now: 2515.
Total: 3.780900 ms (FindLiveObjects: 0.270800 ms CreateObjectMapping: 0.133200 ms MarkObjects: 3.185600 ms  DeleteObjects: 0.189200 ms)

AssetImportParameters requested are different than current active one (requested -> active):
  custom:framework-win-MediaFoundation: 216162199b28c13a410421893ffa2e32 -> 
  custom:video-decoder-ogg-theora: a1e56fd34408186e4bbccfd4996cb3dc -> 
  custom:container-muxer-webm: aa71ff27fc2769a1b78a27578f13a17b -> 
  custom:container-demuxer-webm: 4f35f7cbe854078d1ac9338744f61a02 -> 
  custom:container-demuxer-ogg: 62fdf1f143b41e24485cea50d1cbac27 -> 
  custom:video-encoder-webm-vp8: eb34c28f22e8b96e1ab97ce403110664 -> 
  custom:video-codec-MediaFoundation-h265: 746d11721c4dcdbdad8f713fa42b33f4 -> 
  custom:video-decoder-webm-vp8: 9c59270c3fd7afecdb556c50c9e8de78 -> 
  custom:audio-decoder-ogg-vorbis: bf7c407c2cedff20999df2af8eb42d56 -> 
  custom:audio-encoder-webm-vorbis: bf7c407c2cedff20999df2af8eb42d56 -> 
========================================================================
Received Import Request.
  path: Assets/圖片/音樂素材/魔王魂 アコースティック24.mp3
  artifactKey: Guid(edd30e1f7479f484eae637d5b7ba2b29) Importer(815301076,1909f56bfc062723c751e8b465ee728b)
Start importing Assets/圖片/音樂素材/魔王魂 アコースティック24.mp3 using Guid(edd30e1f7479f484eae637d5b7ba2b29) Importer(815301076,1909f56bfc062723c751e8b465ee728b)  -> (artifact id: 'd7c6f1082d01f60f7ad391fbe9e2becf') in 0.332695 seconds 
  Import took 0.337453 seconds .

========================================================================
Received Import Request.
  Time since last request: 0.000325 seconds.
  path: Assets/圖片/音樂素材/魔王魂 サイバー04.mp3
  artifactKey: Guid(0a7c7a8d3243c0842bbc164b53c9a67d) Importer(815301076,1909f56bfc062723c751e8b465ee728b)
Start importing Assets/圖片/音樂素材/魔王魂 サイバー04.mp3 using Guid(0a7c7a8d3243c0842bbc164b53c9a67d) Importer(815301076,1909f56bfc062723c751e8b465ee728b)  -> (artifact id: '5c3c93e57aa3199b020c202fdd594c6b') in 0.043403 seconds 
  Import took 0.052298 seconds .

========================================================================
Received Import Request.
  Time since last request: 0.000281 seconds.
  path: Assets/圖片/音樂素材/魔王魂 オーケストラ19.mp3
  artifactKey: Guid(c393fd07a10cd9d45901e419772d42fc) Importer(815301076,1909f56bfc062723c751e8b465ee728b)
Start importing Assets/圖片/音樂素材/魔王魂 オーケストラ19.mp3 using Guid(c393fd07a10cd9d45901e419772d42fc) Importer(815301076,1909f56bfc062723c751e8b465ee728b)  -> (artifact id: '996e1751648d8fecffa42367f1a1e6c9') in 0.048358 seconds 
  Import took 0.054693 seconds .

========================================================================
Received Import Request.
  Time since last request: 0.000304 seconds.
  path: Assets/圖片/音樂素材/魔王魂 サイバー04.mp3
  artifactKey: Guid(0a7c7a8d3243c0842bbc164b53c9a67d) Importer(815301076,1909f56bfc062723c751e8b465ee728b)
Start importing Assets/圖片/音樂素材/魔王魂 サイバー04.mp3 using Guid(0a7c7a8d3243c0842bbc164b53c9a67d) Importer(815301076,1909f56bfc062723c751e8b465ee728b)  -> (artifact id: '5c3c93e57aa3199b020c202fdd594c6b') in 0.028511 seconds 
  Import took 0.037093 seconds .

========================================================================
Received Import Request.
  Time since last request: 0.000286 seconds.
  path: Assets/圖片/音樂素材/魔王魂 サイバー12.mp3
  artifactKey: Guid(1f4b862cc1643684eb624a5def914044) Importer(815301076,1909f56bfc062723c751e8b465ee728b)
Start importing Assets/圖片/音樂素材/魔王魂 サイバー12.mp3 using Guid(1f4b862cc1643684eb624a5def914044) Importer(815301076,1909f56bfc062723c751e8b465ee728b)  -> (artifact id: '9fc2944cf3cbf7378a741f15af1529bc') in 0.045219 seconds 
  Import took 0.056915 seconds .

========================================================================
Received Import Request.
  Time since last request: 0.000499 seconds.
  path: Assets/圖片/音樂素材/魔王魂 ピアノ24.mp3
  artifactKey: Guid(e9f9619b71b0ce14da2f1cf87ec93c8f) Importer(815301076,1909f56bfc062723c751e8b465ee728b)
Start importing Assets/圖片/音樂素材/魔王魂 ピアノ24.mp3 using Guid(e9f9619b71b0ce14da2f1cf87ec93c8f) Importer(815301076,1909f56bfc062723c751e8b465ee728b)  -> (artifact id: '0db9961910874dac5084a0db32128ad2') in 0.061775 seconds 
  Import took 0.074966 seconds .

========================================================================
Received Import Request.
  Time since last request: 0.000285 seconds.
  path: Assets/圖片/音樂素材/魔王魂 サイバー26.mp3
  artifactKey: Guid(166f9da2610d99445a9712ac6fb70d7c) Importer(815301076,1909f56bfc062723c751e8b465ee728b)
Start importing Assets/圖片/音樂素材/魔王魂 サイバー26.mp3 using Guid(166f9da2610d99445a9712ac6fb70d7c) Importer(815301076,1909f56bfc062723c751e8b465ee728b)  -> (artifact id: '5d7f4670e93a2afa2bf8140c415e104d') in 0.052136 seconds 
  Import took 0.063608 seconds .

========================================================================
Received Import Request.
  Time since last request: 0.000374 seconds.
  path: Assets/圖片/音樂素材/魔王魂 ファンタジー09.mp3
  artifactKey: Guid(e3688b3816981d94fba36dc8ca0644ca) Importer(815301076,1909f56bfc062723c751e8b465ee728b)
Start importing Assets/圖片/音樂素材/魔王魂 ファンタジー09.mp3 using Guid(e3688b3816981d94fba36dc8ca0644ca) Importer(815301076,1909f56bfc062723c751e8b465ee728b)  -> (artifact id: 'aa4c6f205c94bcd285625dd037326c3d') in 0.062083 seconds 
  Import took 0.073475 seconds .

========================================================================
Received Import Request.
  Time since last request: 0.000314 seconds.
  path: Assets/圖片/音樂素材
  artifactKey: Guid(c45ca5ce5eb62014e885e3d56261f80f) Importer(815301076,1909f56bfc062723c751e8b465ee728b)
Start importing Assets/圖片/音樂素材 using Guid(c45ca5ce5eb62014e885e3d56261f80f) Importer(815301076,1909f56bfc062723c751e8b465ee728b)  -> (artifact id: '2674c49ab203b4693164d1ce0b2a828a') in 0.011798 seconds 
  Import took 0.018846 seconds .

========================================================================
Received Import Request.
  Time since last request: 0.000421 seconds.
  path: Assets/圖片/音樂素材/魔王魂 民族26.mp3
  artifactKey: Guid(7c3d10c7f7667d847af5e5f1f16de918) Importer(815301076,1909f56bfc062723c751e8b465ee728b)
Start importing Assets/圖片/音樂素材/魔王魂 民族26.mp3 using Guid(7c3d10c7f7667d847af5e5f1f16de918) Importer(815301076,1909f56bfc062723c751e8b465ee728b)  -> (artifact id: '746374ee36f01a33816bb296b3630b21') in 0.050429 seconds 
  Import took 0.064779 seconds .

========================================================================
Received Import Request.
  Time since last request: 0.000326 seconds.
  path: Assets/圖片/音樂素材/魔王魂 サイバー45.mp3
  artifactKey: Guid(2bb683789d8a6594190768abd54492b2) Importer(815301076,1909f56bfc062723c751e8b465ee728b)
Start importing Assets/圖片/音樂素材/魔王魂 サイバー45.mp3 using Guid(2bb683789d8a6594190768abd54492b2) Importer(815301076,1909f56bfc062723c751e8b465ee728b)  -> (artifact id: 'b9b11dab0c22b2421a2d6b9225725ce9') in 0.047269 seconds 
  Import took 0.061326 seconds .

========================================================================
Received Import Request.
  Time since last request: 0.000303 seconds.
  path: Assets/圖片/音樂素材/魔王魂 旧ゲーム音楽 戦闘曲13.mp3
  artifactKey: Guid(95ea2f0b195dc9541a7cace09a2000e7) Importer(815301076,1909f56bfc062723c751e8b465ee728b)
Start importing Assets/圖片/音樂素材/魔王魂 旧ゲーム音楽 戦闘曲13.mp3 using Guid(95ea2f0b195dc9541a7cace09a2000e7) Importer(815301076,1909f56bfc062723c751e8b465ee728b)  -> (artifact id: 'd227e4ee5c2cb4e526ec1208cf8fb4fc') in 0.052927 seconds 
  Import took 0.063691 seconds .

========================================================================
Received Import Request.
  Time since last request: 0.000527 seconds.
  path: Assets/圖片/音樂素材/魔王魂 8bit04.mp3
  artifactKey: Guid(045f185c220fb964eb7b5e034b8d522c) Importer(815301076,1909f56bfc062723c751e8b465ee728b)
Start importing Assets/圖片/音樂素材/魔王魂 8bit04.mp3 using Guid(045f185c220fb964eb7b5e034b8d522c) Importer(815301076,1909f56bfc062723c751e8b465ee728b)  -> (artifact id: 'c3c2cb24a291b9f5c7c5185e08c50224') in 0.055999 seconds 
  Import took 0.067143 seconds .

========================================================================
Received Import Request.
  Time since last request: 0.000866 seconds.
  path: Assets/圖片/音樂素材/魔王魂 8bit04.mp3
  artifactKey: Guid(045f185c220fb964eb7b5e034b8d522c) Importer(815301076,1909f56bfc062723c751e8b465ee728b)
Start importing Assets/圖片/音樂素材/魔王魂 8bit04.mp3 using Guid(045f185c220fb964eb7b5e034b8d522c) Importer(815301076,1909f56bfc062723c751e8b465ee728b)  -> (artifact id: 'c3c2cb24a291b9f5c7c5185e08c50224') in 0.035226 seconds 
  Import took 0.044252 seconds .

========================================================================
Received Import Request.
  Time since last request: 30.306821 seconds.
  path: Assets/圖片/音樂素材/魔王魂 街07.mp3
  artifactKey: Guid(96a558c53b52896458601ace1e8143dc) Importer(815301076,1909f56bfc062723c751e8b465ee728b)
Start importing Assets/圖片/音樂素材/魔王魂 街07.mp3 using Guid(96a558c53b52896458601ace1e8143dc) Importer(815301076,1909f56bfc062723c751e8b465ee728b)  -> (artifact id: '2da350d8a6b4b68a37b8f3809cc743d6') in 0.037900 seconds 
  Import took 0.047366 seconds .

========================================================================
Received Import Request.
  Time since last request: 112.942768 seconds.
  path: Assets
  artifactKey: Guid(00000000000000001000000000000000) Importer(815301076,1909f56bfc062723c751e8b465ee728b)
Start importing Assets using Guid(00000000000000001000000000000000) Importer(815301076,1909f56bfc062723c751e8b465ee728b)  -> (artifact id: '42d402b061de3733987d63b9cc3b64de') in 1.008027 seconds 
  Import took 1.093492 seconds .

========================================================================
Received Prepare
Registering precompiled user dll's ...
Registered in 0.193869 seconds.
Begin MonoManager ReloadAssembly
Native extension for WindowsStandalone target not found
Refreshing native plugins compatible for Editor in 0.67 ms, found 3 plugins.
Preloading 0 native plugins for Editor in 0.00 ms.
Mono: successfully reloaded assembly
- Completed reload, in  1.925 seconds
Platform modules already initialized, skipping
Refreshing native plugins compatible for Editor in 0.70 ms, found 3 plugins.
Preloading 0 native plugins for Editor in 0.00 ms.
Unloading 2075 Unused Serialized files (Serialized files now loaded: 0)
System memory in use before: 96.0 MB.
System memory in use after: 96.0 MB.

Unloading 21 unused Assets to reduce memory usage. Loaded Objects now: 2528.
Total: 3.724000 ms (FindLiveObjects: 0.294900 ms CreateObjectMapping: 0.118500 ms MarkObjects: 3.107200 ms  DeleteObjects: 0.201200 ms)

AssetImportParameters requested are different than current active one (requested -> active):
  custom:framework-win-MediaFoundation: 216162199b28c13a410421893ffa2e32 -> 
  custom:video-decoder-ogg-theora: a1e56fd34408186e4bbccfd4996cb3dc -> 
  custom:container-muxer-webm: aa71ff27fc2769a1b78a27578f13a17b -> 
  custom:container-demuxer-webm: 4f35f7cbe854078d1ac9338744f61a02 -> 
  custom:container-demuxer-ogg: 62fdf1f143b41e24485cea50d1cbac27 -> 
  custom:video-encoder-webm-vp8: eb34c28f22e8b96e1ab97ce403110664 -> 
  custom:video-codec-MediaFoundation-h265: 746d11721c4dcdbdad8f713fa42b33f4 -> 
  custom:video-decoder-webm-vp8: 9c59270c3fd7afecdb556c50c9e8de78 -> 
  custom:audio-decoder-ogg-vorbis: bf7c407c2cedff20999df2af8eb42d56 -> 
  custom:audio-encoder-webm-vorbis: bf7c407c2cedff20999df2af8eb42d56 -> 
========================================================================
Received Import Request.
  Time since last request: 21.371136 seconds.
  path: Assets/音樂素材
  artifactKey: Guid(a88c581ea1132d84889a03316b3d4025) Importer(815301076,1909f56bfc062723c751e8b465ee728b)
Start importing Assets/音樂素材 using Guid(a88c581ea1132d84889a03316b3d4025) Importer(815301076,1909f56bfc062723c751e8b465ee728b)  -> (artifact id: 'cc8a004c3357e6e1b46ac20738677c40') in 0.008398 seconds 
  Import took 0.017399 seconds .

========================================================================
Received Import Request.
  Time since last request: 79.880839 seconds.
  path: Assets/音樂素材/魔王魂 8bit04.mp3
  artifactKey: Guid(4fad946952d99cc4ba7938eaf61c1dd4) Importer(815301076,1909f56bfc062723c751e8b465ee728b)
Start importing Assets/音樂素材/魔王魂 8bit04.mp3 using Guid(4fad946952d99cc4ba7938eaf61c1dd4) Importer(815301076,1909f56bfc062723c751e8b465ee728b)  -> (artifact id: '495a48c5a04731f1425ab3a5177d25e4') in 0.081008 seconds 
  Import took 0.090265 seconds .

========================================================================
Received Import Request.
  Time since last request: 0.000336 seconds.
  path: Assets/音樂素材/魔王魂 サイバー12.mp3
  artifactKey: Guid(b10ca1a1eaa4db34aa861553f458697e) Importer(815301076,1909f56bfc062723c751e8b465ee728b)
Start importing Assets/音樂素材/魔王魂 サイバー12.mp3 using Guid(b10ca1a1eaa4db34aa861553f458697e) Importer(815301076,1909f56bfc062723c751e8b465ee728b)  -> (artifact id: '5e74aeeeb342f33acf185f28a4962c71') in 0.026510 seconds 
  Import took 0.031297 seconds .

========================================================================
Received Import Request.
  Time since last request: 0.000285 seconds.
  path: Assets/音樂素材/魔王魂 オーケストラ19.mp3
  artifactKey: Guid(ea83cf1d319e032469bdfb0a183f813a) Importer(815301076,1909f56bfc062723c751e8b465ee728b)
Start importing Assets/音樂素材/魔王魂 オーケストラ19.mp3 using Guid(ea83cf1d319e032469bdfb0a183f813a) Importer(815301076,1909f56bfc062723c751e8b465ee728b)  -> (artifact id: '71b13ba553c66c799e591b880f4c79a8') in 0.029182 seconds 
  Import took 0.037415 seconds .

========================================================================
Received Import Request.
  Time since last request: 0.000341 seconds.
  path: Assets/音樂素材/魔王魂 旧ゲーム音楽 戦闘曲13.mp3
  artifactKey: Guid(eb16e0cceacab3447817bf532084dd33) Importer(815301076,1909f56bfc062723c751e8b465ee728b)
Start importing Assets/音樂素材/魔王魂 旧ゲーム音楽 戦闘曲13.mp3 using Guid(eb16e0cceacab3447817bf532084dd33) Importer(815301076,1909f56bfc062723c751e8b465ee728b)  -> (artifact id: '7da6f96ddb34d5da8dddc774ffb657ff') in 0.045101 seconds 
  Import took 0.058423 seconds .

========================================================================
Received Import Request.
  Time since last request: 0.000493 seconds.
  path: Assets/音樂素材/魔王魂 ファンタジー09.mp3
  artifactKey: Guid(87f46777ce9318640bcc3cda85cefaf1) Importer(815301076,1909f56bfc062723c751e8b465ee728b)
Start importing Assets/音樂素材/魔王魂 ファンタジー09.mp3 using Guid(87f46777ce9318640bcc3cda85cefaf1) Importer(815301076,1909f56bfc062723c751e8b465ee728b)  -> (artifact id: '77b188d4521d57eec65b664882fb3660') in 0.034348 seconds 
  Import took 0.044925 seconds .

========================================================================
Received Import Request.
  Time since last request: 0.000355 seconds.
  path: Assets/音樂素材/魔王魂 アコースティック24.mp3
  artifactKey: Guid(e55676c85557dc1428a166e29451ece3) Importer(815301076,1909f56bfc062723c751e8b465ee728b)
Start importing Assets/音樂素材/魔王魂 アコースティック24.mp3 using Guid(e55676c85557dc1428a166e29451ece3) Importer(815301076,1909f56bfc062723c751e8b465ee728b)  -> (artifact id: '2dda932aca554fa310d4ff687b7db2d5') in 0.034528 seconds 
  Import took 0.040993 seconds .

========================================================================
Received Import Request.
  Time since last request: 0.000304 seconds.
  path: Assets/音樂素材/魔王魂 サイバー26.mp3
  artifactKey: Guid(38dd0c75ff65b884787faeb20b2be3a2) Importer(815301076,1909f56bfc062723c751e8b465ee728b)
Start importing Assets/音樂素材/魔王魂 サイバー26.mp3 using Guid(38dd0c75ff65b884787faeb20b2be3a2) Importer(815301076,1909f56bfc062723c751e8b465ee728b)  -> (artifact id: '0b381d161ead730aff440d95b2574947') in 0.027873 seconds 
  Import took 0.042668 seconds .

========================================================================
Received Import Request.
  Time since last request: 0.000360 seconds.
  path: Assets/音樂素材/魔王魂 サイバー04.mp3
  artifactKey: Guid(089cbf29a8c14354985fd652edb3ccd1) Importer(815301076,1909f56bfc062723c751e8b465ee728b)
Start importing Assets/音樂素材/魔王魂 サイバー04.mp3 using Guid(089cbf29a8c14354985fd652edb3ccd1) Importer(815301076,1909f56bfc062723c751e8b465ee728b)  -> (artifact id: '6b64ce6b34ed0e5bd88614a61d15f12a') in 0.026189 seconds 
  Import took 0.037079 seconds .

========================================================================
Received Import Request.
  Time since last request: 0.000274 seconds.
  path: Assets/音樂素材/魔王魂 サイバー45.mp3
  artifactKey: Guid(fad14e2ae86d6ac44a9d6969bdf4fee1) Importer(815301076,1909f56bfc062723c751e8b465ee728b)
Start importing Assets/音樂素材/魔王魂 サイバー45.mp3 using Guid(fad14e2ae86d6ac44a9d6969bdf4fee1) Importer(815301076,1909f56bfc062723c751e8b465ee728b)  -> (artifact id: '76ddaa421e2b464e829faff424c4f4a9') in 0.036248 seconds 
  Import took 0.045300 seconds .

========================================================================
Received Import Request.
  Time since last request: 0.000303 seconds.
  path: Assets/音樂素材/魔王魂 民族26.mp3
  artifactKey: Guid(27e8d738bcd2e7442be46177069e6035) Importer(815301076,1909f56bfc062723c751e8b465ee728b)
Start importing Assets/音樂素材/魔王魂 民族26.mp3 using Guid(27e8d738bcd2e7442be46177069e6035) Importer(815301076,1909f56bfc062723c751e8b465ee728b)  -> (artifact id: 'b35272430022a4f49934056bfa934ff7') in 0.031134 seconds 
  Import took 0.041392 seconds .

========================================================================
Received Import Request.
  Time since last request: 0.000278 seconds.
  path: Assets/音樂素材/魔王魂 ピアノ24.mp3
  artifactKey: Guid(7efcfaaccb81067439aabde9f02d074a) Importer(815301076,1909f56bfc062723c751e8b465ee728b)
Start importing Assets/音樂素材/魔王魂 ピアノ24.mp3 using Guid(7efcfaaccb81067439aabde9f02d074a) Importer(815301076,1909f56bfc062723c751e8b465ee728b)  -> (artifact id: 'be2ca906acf386209d03fb0807375317') in 0.022558 seconds 
  Import took 0.033166 seconds .

========================================================================
Received Prepare
Registering precompiled user dll's ...
Registered in 0.012065 seconds.
Begin MonoManager ReloadAssembly
Native extension for WindowsStandalone target not found
Refreshing native plugins compatible for Editor in 0.60 ms, found 3 plugins.
Preloading 0 native plugins for Editor in 0.00 ms.
Mono: successfully reloaded assembly
- Completed reload, in  1.858 seconds
Platform modules already initialized, skipping
Refreshing native plugins compatible for Editor in 0.58 ms, found 3 plugins.
Preloading 0 native plugins for Editor in 0.00 ms.
Unloading 2075 Unused Serialized files (Serialized files now loaded: 0)
System memory in use before: 96.1 MB.
System memory in use after: 96.0 MB.

Unloading 21 unused Assets to reduce memory usage. Loaded Objects now: 2533.
Total: 3.236100 ms (FindLiveObjects: 0.289800 ms CreateObjectMapping: 0.106400 ms MarkObjects: 2.695800 ms  DeleteObjects: 0.142600 ms)

AssetImportParameters requested are different than current active one (requested -> active):
  custom:framework-win-MediaFoundation: 216162199b28c13a410421893ffa2e32 -> 
  custom:video-decoder-ogg-theora: a1e56fd34408186e4bbccfd4996cb3dc -> 
  custom:container-muxer-webm: aa71ff27fc2769a1b78a27578f13a17b -> 
  custom:container-demuxer-webm: 4f35f7cbe854078d1ac9338744f61a02 -> 
  custom:container-demuxer-ogg: 62fdf1f143b41e24485cea50d1cbac27 -> 
  custom:video-encoder-webm-vp8: eb34c28f22e8b96e1ab97ce403110664 -> 
  custom:video-codec-MediaFoundation-h265: 746d11721c4dcdbdad8f713fa42b33f4 -> 
  custom:video-decoder-webm-vp8: 9c59270c3fd7afecdb556c50c9e8de78 -> 
  custom:audio-decoder-ogg-vorbis: bf7c407c2cedff20999df2af8eb42d56 -> 
  custom:audio-encoder-webm-vorbis: bf7c407c2cedff20999df2af8eb42d56 -> 
========================================================================
Received Import Request.
  Time since last request: 268.222356 seconds.
  path: Assets/素材/pipo-nekonin008.png
  artifactKey: Guid(e5f44a71ef7339441bc3de290863cf3d) Importer(815301076,1909f56bfc062723c751e8b465ee728b)
Start importing Assets/素材/pipo-nekonin008.png using Guid(e5f44a71ef7339441bc3de290863cf3d) Importer(815301076,1909f56bfc062723c751e8b465ee728b)  -> (artifact id: '8b89540896b158aa9cd593d881c3b8e6') in 0.139368 seconds 
  Import took 0.151981 seconds .

========================================================================
Received Import Request.
  Time since last request: 34.063609 seconds.
  path: Assets/素材/pipo-nekonin003.png
  artifactKey: Guid(d3161e8e656322646a41453cc94f9b9c) Importer(815301076,1909f56bfc062723c751e8b465ee728b)
Start importing Assets/素材/pipo-nekonin003.png using Guid(d3161e8e656322646a41453cc94f9b9c) Importer(815301076,1909f56bfc062723c751e8b465ee728b)  -> (artifact id: '8a31fdf00c9da4a55f970061cb4a4a43') in 0.043467 seconds 
  Import took 0.051909 seconds .

========================================================================
Received Import Request.
  Time since last request: 150.900298 seconds.
  path: Assets/素材/pipo-nekonin003.png
  artifactKey: Guid(d3161e8e656322646a41453cc94f9b9c) Importer(815301076,1909f56bfc062723c751e8b465ee728b)
Start importing Assets/素材/pipo-nekonin003.png using Guid(d3161e8e656322646a41453cc94f9b9c) Importer(815301076,1909f56bfc062723c751e8b465ee728b)  -> (artifact id: 'd2cd686a4e18419629c83515cc430c1f') in 0.024843 seconds 
  Import took 0.033894 seconds .

========================================================================
Received Import Request.
  Time since last request: 35.064273 seconds.
  path: Assets/素材/pipo-nekonin003.png
  artifactKey: Guid(d3161e8e656322646a41453cc94f9b9c) Importer(815301076,1909f56bfc062723c751e8b465ee728b)
Start importing Assets/素材/pipo-nekonin003.png using Guid(d3161e8e656322646a41453cc94f9b9c) Importer(815301076,1909f56bfc062723c751e8b465ee728b)  -> (artifact id: '20f92189398d48cf45c68ed21b6f8e38') in 0.056269 seconds 
  Import took 0.064831 seconds .

========================================================================
Received Import Request.
  Time since last request: 37.456336 seconds.
  path: Assets/素材/pipo-nekonin003.png
  artifactKey: Guid(d3161e8e656322646a41453cc94f9b9c) Importer(815301076,1909f56bfc062723c751e8b465ee728b)
Start importing Assets/素材/pipo-nekonin003.png using Guid(d3161e8e656322646a41453cc94f9b9c) Importer(815301076,1909f56bfc062723c751e8b465ee728b)  -> (artifact id: 'ace9576c1f256cf689d77accb8931adf') in 0.061828 seconds 
  Import took 0.072018 seconds .

========================================================================
Received Prepare
Registering precompiled user dll's ...
Registered in 0.009566 seconds.
Begin MonoManager ReloadAssembly
Native extension for WindowsStandalone target not found
Refreshing native plugins compatible for Editor in 0.70 ms, found 3 plugins.
Preloading 0 native plugins for Editor in 0.00 ms.
Mono: successfully reloaded assembly
- Completed reload, in  2.009 seconds
Platform modules already initialized, skipping
Refreshing native plugins compatible for Editor in 0.62 ms, found 3 plugins.
Preloading 0 native plugins for Editor in 0.00 ms.
Unloading 2075 Unused Serialized files (Serialized files now loaded: 0)
System memory in use before: 96.1 MB.
System memory in use after: 96.1 MB.

Unloading 21 unused Assets to reduce memory usage. Loaded Objects now: 2543.
Total: 3.767100 ms (FindLiveObjects: 0.467800 ms CreateObjectMapping: 0.166700 ms MarkObjects: 2.979200 ms  DeleteObjects: 0.151400 ms)

AssetImportParameters requested are different than current active one (requested -> active):
  custom:framework-win-MediaFoundation: 216162199b28c13a410421893ffa2e32 -> 
  custom:video-decoder-ogg-theora: a1e56fd34408186e4bbccfd4996cb3dc -> 
  custom:container-muxer-webm: aa71ff27fc2769a1b78a27578f13a17b -> 
  custom:container-demuxer-webm: 4f35f7cbe854078d1ac9338744f61a02 -> 
  custom:container-demuxer-ogg: 62fdf1f143b41e24485cea50d1cbac27 -> 
  custom:video-encoder-webm-vp8: eb34c28f22e8b96e1ab97ce403110664 -> 
  custom:video-codec-MediaFoundation-h265: 746d11721c4dcdbdad8f713fa42b33f4 -> 
  custom:video-decoder-webm-vp8: 9c59270c3fd7afecdb556c50c9e8de78 -> 
  custom:audio-decoder-ogg-vorbis: bf7c407c2cedff20999df2af8eb42d56 -> 
  custom:audio-encoder-webm-vorbis: bf7c407c2cedff20999df2af8eb42d56 -> 
========================================================================
Received Prepare
Registering precompiled user dll's ...
Registered in 0.010100 seconds.
Begin MonoManager ReloadAssembly
Native extension for WindowsStandalone target not found
Refreshing native plugins compatible for Editor in 0.70 ms, found 3 plugins.
Preloading 0 native plugins for Editor in 0.00 ms.
Mono: successfully reloaded assembly
- Completed reload, in  2.042 seconds
Platform modules already initialized, skipping
Refreshing native plugins compatible for Editor in 0.63 ms, found 3 plugins.
Preloading 0 native plugins for Editor in 0.00 ms.
Unloading 2075 Unused Serialized files (Serialized files now loaded: 0)
System memory in use before: 96.1 MB.
System memory in use after: 96.1 MB.

Unloading 21 unused Assets to reduce memory usage. Loaded Objects now: 2547.
Total: 3.732000 ms (FindLiveObjects: 0.295500 ms CreateObjectMapping: 0.112700 ms MarkObjects: 3.156600 ms  DeleteObjects: 0.165400 ms)

AssetImportParameters requested are different than current active one (requested -> active):
  custom:framework-win-MediaFoundation: 216162199b28c13a410421893ffa2e32 -> 
  custom:video-decoder-ogg-theora: a1e56fd34408186e4bbccfd4996cb3dc -> 
  custom:container-muxer-webm: aa71ff27fc2769a1b78a27578f13a17b -> 
  custom:container-demuxer-webm: 4f35f7cbe854078d1ac9338744f61a02 -> 
  custom:container-demuxer-ogg: 62fdf1f143b41e24485cea50d1cbac27 -> 
  custom:video-encoder-webm-vp8: eb34c28f22e8b96e1ab97ce403110664 -> 
  custom:video-codec-MediaFoundation-h265: 746d11721c4dcdbdad8f713fa42b33f4 -> 
  custom:video-decoder-webm-vp8: 9c59270c3fd7afecdb556c50c9e8de78 -> 
  custom:audio-decoder-ogg-vorbis: bf7c407c2cedff20999df2af8eb42d56 -> 
  custom:audio-encoder-webm-vorbis: bf7c407c2cedff20999df2af8eb42d56 -> 
========================================================================
Received Prepare
Registering precompiled user dll's ...
Registered in 0.009772 seconds.
Begin MonoManager ReloadAssembly
Native extension for WindowsStandalone target not found
Refreshing native plugins compatible for Editor in 0.64 ms, found 3 plugins.
Preloading 0 native plugins for Editor in 0.00 ms.
Mono: successfully reloaded assembly
- Completed reload, in  1.686 seconds
Platform modules already initialized, skipping
Refreshing native plugins compatible for Editor in 0.64 ms, found 3 plugins.
Preloading 0 native plugins for Editor in 0.00 ms.
Unloading 2075 Unused Serialized files (Serialized files now loaded: 0)
System memory in use before: 96.1 MB.
System memory in use after: 96.1 MB.

Unloading 21 unused Assets to reduce memory usage. Loaded Objects now: 2551.
Total: 5.535500 ms (FindLiveObjects: 0.328900 ms CreateObjectMapping: 0.328900 ms MarkObjects: 4.704700 ms  DeleteObjects: 0.170800 ms)

AssetImportParameters requested are different than current active one (requested -> active):
  custom:framework-win-MediaFoundation: 216162199b28c13a410421893ffa2e32 -> 
  custom:video-decoder-ogg-theora: a1e56fd34408186e4bbccfd4996cb3dc -> 
  custom:container-muxer-webm: aa71ff27fc2769a1b78a27578f13a17b -> 
  custom:container-demuxer-webm: 4f35f7cbe854078d1ac9338744f61a02 -> 
  custom:container-demuxer-ogg: 62fdf1f143b41e24485cea50d1cbac27 -> 
  custom:video-encoder-webm-vp8: eb34c28f22e8b96e1ab97ce403110664 -> 
  custom:video-codec-MediaFoundation-h265: 746d11721c4dcdbdad8f713fa42b33f4 -> 
  custom:video-decoder-webm-vp8: 9c59270c3fd7afecdb556c50c9e8de78 -> 
  custom:audio-decoder-ogg-vorbis: bf7c407c2cedff20999df2af8eb42d56 -> 
  custom:audio-encoder-webm-vorbis: bf7c407c2cedff20999df2af8eb42d56 -> 
========================================================================
Received Import Request.
  Time since last request: 327.284957 seconds.
  path: Assets/素材/pipo-nekonin008.png
  artifactKey: Guid(e5f44a71ef7339441bc3de290863cf3d) Importer(815301076,1909f56bfc062723c751e8b465ee728b)
Start importing Assets/素材/pipo-nekonin008.png using Guid(e5f44a71ef7339441bc3de290863cf3d) Importer(815301076,1909f56bfc062723c751e8b465ee728b)  -> (artifact id: 'f8f8d9163fc4e312b9fa859a5666d86c') in 0.059826 seconds 
  Import took 0.074256 seconds .

========================================================================
Received Import Request.
  Time since last request: 12.629227 seconds.
  path: Assets/素材/pipo-nekonin008.png
  artifactKey: Guid(e5f44a71ef7339441bc3de290863cf3d) Importer(815301076,1909f56bfc062723c751e8b465ee728b)
Start importing Assets/素材/pipo-nekonin008.png using Guid(e5f44a71ef7339441bc3de290863cf3d) Importer(815301076,1909f56bfc062723c751e8b465ee728b)  -> (artifact id: '786a6883542384e945f5e56b985c13bd') in 0.076024 seconds 
  Import took 0.086249 seconds .

========================================================================
Received Import Request.
  Time since last request: 274.721031 seconds.
  path: Assets/素材/New Material 1.mat
  artifactKey: Guid(07ff52203218f774c9eb8e8f1838ca4f) Importer(815301076,1909f56bfc062723c751e8b465ee728b)
Start importing Assets/素材/New Material 1.mat using Guid(07ff52203218f774c9eb8e8f1838ca4f) Importer(815301076,1909f56bfc062723c751e8b465ee728b)  -> (artifact id: '8d30ec6a87b6cd7751039dce7b9734b8') in 0.115096 seconds 
  Import took 0.126088 seconds .

========================================================================
Received Prepare
Registering precompiled user dll's ...
Registered in 0.345191 seconds.
Begin MonoManager ReloadAssembly
Native extension for WindowsStandalone target not found
Refreshing native plugins compatible for Editor in 0.87 ms, found 3 plugins.
Preloading 0 native plugins for Editor in 0.00 ms.
Mono: successfully reloaded assembly
- Completed reload, in  3.051 seconds
Platform modules already initialized, skipping
Refreshing native plugins compatible for Editor in 1.43 ms, found 3 plugins.
Preloading 0 native plugins for Editor in 0.00 ms.
Unloading 2075 Unused Serialized files (Serialized files now loaded: 0)
System memory in use before: 96.4 MB.
System memory in use after: 96.4 MB.

Unloading 21 unused Assets to reduce memory usage. Loaded Objects now: 2589.
Total: 10.657700 ms (FindLiveObjects: 1.163300 ms CreateObjectMapping: 0.418700 ms MarkObjects: 8.490500 ms  DeleteObjects: 0.581500 ms)

AssetImportParameters requested are different than current active one (requested -> active):
  custom:framework-win-MediaFoundation: 216162199b28c13a410421893ffa2e32 -> 
  custom:video-decoder-ogg-theora: a1e56fd34408186e4bbccfd4996cb3dc -> 
  custom:container-muxer-webm: aa71ff27fc2769a1b78a27578f13a17b -> 
  custom:container-demuxer-webm: 4f35f7cbe854078d1ac9338744f61a02 -> 
  custom:container-demuxer-ogg: 62fdf1f143b41e24485cea50d1cbac27 -> 
  custom:video-encoder-webm-vp8: eb34c28f22e8b96e1ab97ce403110664 -> 
  custom:video-codec-MediaFoundation-h265: 746d11721c4dcdbdad8f713fa42b33f4 -> 
  custom:video-decoder-webm-vp8: 9c59270c3fd7afecdb556c50c9e8de78 -> 
  custom:audio-decoder-ogg-vorbis: bf7c407c2cedff20999df2af8eb42d56 -> 
  custom:audio-encoder-webm-vorbis: bf7c407c2cedff20999df2af8eb42d56 -> 
========================================================================
Received Import Request.
  Time since last request: 843.738136 seconds.
  path: Assets/素材/New Material 1.mat
  artifactKey: Guid(07ff52203218f774c9eb8e8f1838ca4f) Importer(815301076,1909f56bfc062723c751e8b465ee728b)
Start importing Assets/素材/New Material 1.mat using Guid(07ff52203218f774c9eb8e8f1838ca4f) Importer(815301076,1909f56bfc062723c751e8b465ee728b)  -> (artifact id: '492c923cf2dc575dbb6b3b4e2d016318') in 0.425762 seconds 
  Import took 0.450755 seconds .

========================================================================
Received Import Request.
  Time since last request: 0.000511 seconds.
  path: Assets/素材/New Material.mat
  artifactKey: Guid(af99589d59b8c5a46be16a51ac398b3c) Importer(815301076,1909f56bfc062723c751e8b465ee728b)
Start importing Assets/素材/New Material.mat using Guid(af99589d59b8c5a46be16a51ac398b3c) Importer(815301076,1909f56bfc062723c751e8b465ee728b)  -> (artifact id: 'ebf847f926e590c4cad368c772e78ebd') in 0.167244 seconds 
  Import took 0.191258 seconds .

========================================================================
Received Prepare
Registering precompiled user dll's ...
Registered in 0.016103 seconds.
Begin MonoManager ReloadAssembly
Native extension for WindowsStandalone target not found
Refreshing native plugins compatible for Editor in 1.18 ms, found 3 plugins.
Preloading 0 native plugins for Editor in 0.00 ms.
Mono: successfully reloaded assembly
- Completed reload, in  2.477 seconds
Platform modules already initialized, skipping
Refreshing native plugins compatible for Editor in 1.35 ms, found 3 plugins.
Preloading 0 native plugins for Editor in 0.00 ms.
Unloading 2075 Unused Serialized files (Serialized files now loaded: 0)
System memory in use before: 96.5 MB.
System memory in use after: 96.5 MB.

Unloading 21 unused Assets to reduce memory usage. Loaded Objects now: 2595.
Total: 4.487200 ms (FindLiveObjects: 0.361900 ms CreateObjectMapping: 0.126700 ms MarkObjects: 3.802400 ms  DeleteObjects: 0.193400 ms)

AssetImportParameters requested are different than current active one (requested -> active):
  custom:framework-win-MediaFoundation: 216162199b28c13a410421893ffa2e32 -> 
  custom:video-decoder-ogg-theora: a1e56fd34408186e4bbccfd4996cb3dc -> 
  custom:container-muxer-webm: aa71ff27fc2769a1b78a27578f13a17b -> 
  custom:container-demuxer-webm: 4f35f7cbe854078d1ac9338744f61a02 -> 
  custom:container-demuxer-ogg: 62fdf1f143b41e24485cea50d1cbac27 -> 
  custom:video-encoder-webm-vp8: eb34c28f22e8b96e1ab97ce403110664 -> 
  custom:video-codec-MediaFoundation-h265: 746d11721c4dcdbdad8f713fa42b33f4 -> 
  custom:video-decoder-webm-vp8: 9c59270c3fd7afecdb556c50c9e8de78 -> 
  custom:audio-decoder-ogg-vorbis: bf7c407c2cedff20999df2af8eb42d56 -> 
  custom:audio-encoder-webm-vorbis: bf7c407c2cedff20999df2af8eb42d56 -> 
AssetImportWorkerClient::OnTransportError - code=2 error=End of file
