Using pre-set license
Built from '2020.3/release' branch; Version is '2020.3.12f1 (b3b2c6512326) revision 11776710'; Using compiler version '192528614'; Build Type 'Release'
OS: 'Windows 10 Home; OS build 19042.1052; Version 2009; 64bit' Language: 'zh' Physical Memory: 8108 MB
BatchMode: 1, IsHumanControllingUs: 0, StartBugReporterOnCrash: 0, Is64bit: 1, IsPro: 0

 COMMAND LINE ARGUMENTS:
C:\2020.3.12f1\Editor\Unity.exe
-adb2
-batchMode
-noUpm
-name
AssetImportWorker3
-projectPath
E:/unity/unity-/2D Game
-logFile
Logs/AssetImportWorker3.log
-srvPort
50671
Successfully changed project path to: E:/unity/unity-/2D Game
E:/unity/unity-/2D Game
Using Asset Import Pipeline V2.
Refreshing native plugins compatible for Editor in 457.07 ms, found 3 plugins.
Preloading 0 native plugins for Editor in 0.00 ms.
Initialize engine version: 2020.3.12f1 (b3b2c6512326)
[Subsystems] Discovering subsystems at path C:/2020.3.12f1/Editor/Data/Resources/UnitySubsystems
[Subsystems] Discovering subsystems at path E:/unity/unity-/2D Game/Assets
GfxDevice: creating device client; threaded=0
Direct3D:
    Version:  Direct3D 11.0 [level 11.1]
    Renderer: Intel(R) UHD Graphics 620 (ID=0x5917)
    Vendor:   
    VRAM:     4054 MB
    Driver:   27.20.100.8681
Initialize mono
Mono path[0] = 'C:/2020.3.12f1/Editor/Data/Managed'
Mono path[1] = 'C:/2020.3.12f1/Editor/Data/MonoBleedingEdge/lib/mono/unityjit'
Mono config path = 'C:/2020.3.12f1/Editor/Data/MonoBleedingEdge/etc'
Using monoOptions --debugger-agent=transport=dt_socket,embedding=1,server=y,suspend=n,address=127.0.0.1:56968
Begin MonoManager ReloadAssembly
Registering precompiled unity dll's ...
Register platform support module: C:/2020.3.12f1/Editor/Data/PlaybackEngines/WindowsStandaloneSupport/UnityEditor.WindowsStandalone.Extensions.dll
Registered in 0.009933 seconds.
Native extension for WindowsStandalone target not found
Refreshing native plugins compatible for Editor in 159.79 ms, found 3 plugins.
Preloading 0 native plugins for Editor in 0.00 ms.
Mono: successfully reloaded assembly
- Completed reload, in  6.075 seconds
Platform modules already initialized, skipping
Registering precompiled user dll's ...
Registered in 0.024290 seconds.
Begin MonoManager ReloadAssembly
Native extension for WindowsStandalone target not found
Refreshing native plugins compatible for Editor in 153.13 ms, found 3 plugins.
Preloading 0 native plugins for Editor in 0.00 ms.
Mono: successfully reloaded assembly
- Completed reload, in 12.853 seconds
Platform modules already initialized, skipping
========================================================================
Worker process is ready to serve import requests
Launched and connected shader compiler UnityShaderCompiler.exe after 0.16 seconds
Refreshing native plugins compatible for Editor in 1.17 ms, found 3 plugins.
Preloading 0 native plugins for Editor in 0.00 ms.
Unloading 2080 Unused Serialized files (Serialized files now loaded: 0)
System memory in use before: 93.1 MB.
System memory in use after: 93.1 MB.

Unloading 33 unused Assets to reduce memory usage. Loaded Objects now: 2515.
Total: 6.604400 ms (FindLiveObjects: 0.437400 ms CreateObjectMapping: 0.241200 ms MarkObjects: 5.501600 ms  DeleteObjects: 0.420700 ms)

AssetImportParameters requested are different than current active one (requested -> active):
  custom:framework-win-MediaFoundation: 216162199b28c13a410421893ffa2e32 -> 
  custom:video-decoder-ogg-theora: a1e56fd34408186e4bbccfd4996cb3dc -> 
  custom:container-muxer-webm: aa71ff27fc2769a1b78a27578f13a17b -> 
  custom:container-demuxer-webm: 4f35f7cbe854078d1ac9338744f61a02 -> 
  custom:container-demuxer-ogg: 62fdf1f143b41e24485cea50d1cbac27 -> 
  custom:video-encoder-webm-vp8: eb34c28f22e8b96e1ab97ce403110664 -> 
  custom:video-codec-MediaFoundation-h265: 746d11721c4dcdbdad8f713fa42b33f4 -> 
  custom:video-decoder-webm-vp8: 9c59270c3fd7afecdb556c50c9e8de78 -> 
  custom:audio-decoder-ogg-vorbis: bf7c407c2cedff20999df2af8eb42d56 -> 
  custom:audio-encoder-webm-vorbis: bf7c407c2cedff20999df2af8eb42d56 -> 
========================================================================
Received Import Request.
  path: Assets/素材/光點.png
  artifactKey: Guid(77ed284fcdb57ed4db36557c4181f405) Importer(815301076,1909f56bfc062723c751e8b465ee728b)
Start importing Assets/素材/光點.png using Guid(77ed284fcdb57ed4db36557c4181f405) Importer(815301076,1909f56bfc062723c751e8b465ee728b)  -> (artifact id: '0533ea88c12ff88c9f96af0753b1690a') in 0.649998 seconds 
  Import took 0.671091 seconds .

========================================================================
Received Import Request.
  Time since last request: 0.000740 seconds.
  path: Assets/素材/New Material.mat
  artifactKey: Guid(db84306e0fa0519458b396cf3b003b56) Importer(815301076,1909f56bfc062723c751e8b465ee728b)
Start importing Assets/素材/New Material.mat using Guid(db84306e0fa0519458b396cf3b003b56) Importer(815301076,1909f56bfc062723c751e8b465ee728b)  -> (artifact id: '3268f5fa18c507a5b899fcfcc51fb0df') in 0.273743 seconds 
  Import took 0.289975 seconds .

========================================================================
Received Import Request.
  Time since last request: 386.564380 seconds.
  path: Assets/素材/New Project(1).png
  artifactKey: Guid(9415813053f38e345a8d59de59c8a77b) Importer(815301076,1909f56bfc062723c751e8b465ee728b)
Start importing Assets/素材/New Project(1).png using Guid(9415813053f38e345a8d59de59c8a77b) Importer(815301076,1909f56bfc062723c751e8b465ee728b)  -> (artifact id: '45ceed800e06fe3d5f545e55d007dd3e') in 0.267414 seconds 
  Import took 0.296587 seconds .

========================================================================
Received Import Request.
  Time since last request: 32.092579 seconds.
  path: Assets/素材/光點.png
  artifactKey: Guid(9415813053f38e345a8d59de59c8a77b) Importer(815301076,1909f56bfc062723c751e8b465ee728b)
Start importing Assets/素材/光點.png using Guid(9415813053f38e345a8d59de59c8a77b) Importer(815301076,1909f56bfc062723c751e8b465ee728b)  -> (artifact id: '6ac39f0fe9900e8f017d908f57e0bc02') in 0.166391 seconds 
  Import took 0.211293 seconds .

========================================================================
Received Prepare
Registering precompiled user dll's ...
Registered in 1.573888 seconds.
Begin MonoManager ReloadAssembly
Native extension for WindowsStandalone target not found
Refreshing native plugins compatible for Editor in 1.22 ms, found 3 plugins.
Preloading 0 native plugins for Editor in 0.00 ms.
Mono: successfully reloaded assembly
- Completed reload, in  3.849 seconds
Platform modules already initialized, skipping
Refreshing native plugins compatible for Editor in 1.32 ms, found 3 plugins.
Preloading 0 native plugins for Editor in 0.00 ms.
Unloading 2075 Unused Serialized files (Serialized files now loaded: 0)
System memory in use before: 96.3 MB.
System memory in use after: 96.2 MB.

Unloading 21 unused Assets to reduce memory usage. Loaded Objects now: 2561.
Total: 6.935500 ms (FindLiveObjects: 0.511000 ms CreateObjectMapping: 0.374900 ms MarkObjects: 5.765900 ms  DeleteObjects: 0.279400 ms)

AssetImportParameters requested are different than current active one (requested -> active):
  custom:framework-win-MediaFoundation: 216162199b28c13a410421893ffa2e32 -> 
  custom:video-decoder-ogg-theora: a1e56fd34408186e4bbccfd4996cb3dc -> 
  custom:container-muxer-webm: aa71ff27fc2769a1b78a27578f13a17b -> 
  custom:container-demuxer-webm: 4f35f7cbe854078d1ac9338744f61a02 -> 
  custom:container-demuxer-ogg: 62fdf1f143b41e24485cea50d1cbac27 -> 
  custom:video-encoder-webm-vp8: eb34c28f22e8b96e1ab97ce403110664 -> 
  custom:video-codec-MediaFoundation-h265: 746d11721c4dcdbdad8f713fa42b33f4 -> 
  custom:video-decoder-webm-vp8: 9c59270c3fd7afecdb556c50c9e8de78 -> 
  custom:audio-decoder-ogg-vorbis: bf7c407c2cedff20999df2af8eb42d56 -> 
  custom:audio-encoder-webm-vorbis: bf7c407c2cedff20999df2af8eb42d56 -> 
========================================================================
Received Prepare
Registering precompiled user dll's ...
Registered in 0.042402 seconds.
Begin MonoManager ReloadAssembly
Native extension for WindowsStandalone target not found
Refreshing native plugins compatible for Editor in 0.92 ms, found 3 plugins.
Preloading 0 native plugins for Editor in 0.00 ms.
Mono: successfully reloaded assembly
- Completed reload, in  3.346 seconds
Platform modules already initialized, skipping
Refreshing native plugins compatible for Editor in 1.14 ms, found 3 plugins.
Preloading 0 native plugins for Editor in 0.00 ms.
Unloading 2075 Unused Serialized files (Serialized files now loaded: 0)
System memory in use before: 96.3 MB.
System memory in use after: 96.3 MB.

Unloading 21 unused Assets to reduce memory usage. Loaded Objects now: 2565.
Total: 5.616700 ms (FindLiveObjects: 0.834900 ms CreateObjectMapping: 0.305700 ms MarkObjects: 4.243500 ms  DeleteObjects: 0.229700 ms)

AssetImportParameters requested are different than current active one (requested -> active):
  custom:framework-win-MediaFoundation: 216162199b28c13a410421893ffa2e32 -> 
  custom:video-decoder-ogg-theora: a1e56fd34408186e4bbccfd4996cb3dc -> 
  custom:container-muxer-webm: aa71ff27fc2769a1b78a27578f13a17b -> 
  custom:container-demuxer-webm: 4f35f7cbe854078d1ac9338744f61a02 -> 
  custom:container-demuxer-ogg: 62fdf1f143b41e24485cea50d1cbac27 -> 
  custom:video-encoder-webm-vp8: eb34c28f22e8b96e1ab97ce403110664 -> 
  custom:video-codec-MediaFoundation-h265: 746d11721c4dcdbdad8f713fa42b33f4 -> 
  custom:video-decoder-webm-vp8: 9c59270c3fd7afecdb556c50c9e8de78 -> 
  custom:audio-decoder-ogg-vorbis: bf7c407c2cedff20999df2af8eb42d56 -> 
  custom:audio-encoder-webm-vorbis: bf7c407c2cedff20999df2af8eb42d56 -> 
========================================================================
Received Import Request.
  Time since last request: 3428.843989 seconds.
  path: Assets/素材/光點.mat
  artifactKey: Guid(db84306e0fa0519458b396cf3b003b56) Importer(815301076,1909f56bfc062723c751e8b465ee728b)
Start importing Assets/素材/光點.mat using Guid(db84306e0fa0519458b396cf3b003b56) Importer(815301076,1909f56bfc062723c751e8b465ee728b)  -> (artifact id: 'ca3a57ab7fd69b61dc563fc0bb2931b9') in 0.191136 seconds 
  Import took 0.200960 seconds .

========================================================================
Received Import Request.
  Time since last request: 2311.083088 seconds.
  path: Assets/Cainos/Pixel Art Platformer - Village Props
  artifactKey: Guid(1f08d781702466b438d35aa7938d8030) Importer(815301076,1909f56bfc062723c751e8b465ee728b)
Start importing Assets/Cainos/Pixel Art Platformer - Village Props using Guid(1f08d781702466b438d35aa7938d8030) Importer(815301076,1909f56bfc062723c751e8b465ee728b)  -> (artifact id: 'a0d0ee06777279a5df54c5441e1b0263') in 0.019174 seconds 
  Import took 0.071179 seconds .

========================================================================
Received Import Request.
  Time since last request: 60.456946 seconds.
  path: Assets/Cainos/Pixel Art Platformer - Village Props/Material
  artifactKey: Guid(9ac4b6a5224288540a1d038f5d6101e2) Importer(815301076,1909f56bfc062723c751e8b465ee728b)
Start importing Assets/Cainos/Pixel Art Platformer - Village Props/Material using Guid(9ac4b6a5224288540a1d038f5d6101e2) Importer(815301076,1909f56bfc062723c751e8b465ee728b)  -> (artifact id: '4c18b5780d5490fccb1b547db360be69') in 0.023712 seconds 
  Import took 0.032064 seconds .

========================================================================
Received Import Request.
  Time since last request: 0.062643 seconds.
  path: Assets/Cainos/Pixel Art Platformer - Village Props/Material/MT FX Particle Torch Fire.mat
  artifactKey: Guid(dce4faabfa7d00147bb7d853e5c1fbf3) Importer(815301076,1909f56bfc062723c751e8b465ee728b)
Start importing Assets/Cainos/Pixel Art Platformer - Village Props/Material/MT FX Particle Torch Fire.mat using Guid(dce4faabfa7d00147bb7d853e5c1fbf3) Importer(815301076,1909f56bfc062723c751e8b465ee728b)  -> (artifact id: 'c90ff633051c9112fb31050bc976cbd0') in 0.142042 seconds 
  Import took 0.149970 seconds .

========================================================================
Received Import Request.
  Time since last request: 0.000356 seconds.
  path: Assets/Cainos/Pixel Art Platformer - Village Props/Material/MT FX Particle Torch Spark.mat
  artifactKey: Guid(23524a906e8f5eb4384f92eb87af52f4) Importer(815301076,1909f56bfc062723c751e8b465ee728b)
Start importing Assets/Cainos/Pixel Art Platformer - Village Props/Material/MT FX Particle Torch Spark.mat using Guid(23524a906e8f5eb4384f92eb87af52f4) Importer(815301076,1909f56bfc062723c751e8b465ee728b)  -> (artifact id: '225e68a24654691f4aedb68393def03a') in 0.056148 seconds 
  Import took 0.066672 seconds .

========================================================================
Received Import Request.
  Time since last request: 0.000368 seconds.
  path: Assets/Cainos/Pixel Art Platformer - Village Props/Material/MT FX Particle Torch Glow.mat
  artifactKey: Guid(6c48dc6ed4cda324b83bb2391ca6fb9a) Importer(815301076,1909f56bfc062723c751e8b465ee728b)
Start importing Assets/Cainos/Pixel Art Platformer - Village Props/Material/MT FX Particle Torch Glow.mat using Guid(6c48dc6ed4cda324b83bb2391ca6fb9a) Importer(815301076,1909f56bfc062723c751e8b465ee728b)  -> (artifact id: 'fe71cf4db70b34234b34505600ccff49') in 0.053984 seconds 
  Import took 0.064623 seconds .

========================================================================
Received Import Request.
  Time since last request: 0.005930 seconds.
  path: Assets/Cainos/Pixel Art Platformer - Village Props/Material/MT FX Particle Torch Glow.mat
  artifactKey: Guid(6c48dc6ed4cda324b83bb2391ca6fb9a) Importer(815301076,1909f56bfc062723c751e8b465ee728b)
Start importing Assets/Cainos/Pixel Art Platformer - Village Props/Material/MT FX Particle Torch Glow.mat using Guid(6c48dc6ed4cda324b83bb2391ca6fb9a) Importer(815301076,1909f56bfc062723c751e8b465ee728b)  -> (artifact id: 'fe71cf4db70b34234b34505600ccff49') in 0.024631 seconds 
  Import took 0.037631 seconds .

========================================================================
Received Import Request.
  Time since last request: 0.966625 seconds.
  path: Assets/Cainos/Pixel Art Platformer - Village Props/Texture/TX Particle Flame.png
  artifactKey: Guid(cfcfd3af954eeb54cb041fe6d75a983b) Importer(815301076,1909f56bfc062723c751e8b465ee728b)
Start importing Assets/Cainos/Pixel Art Platformer - Village Props/Texture/TX Particle Flame.png using Guid(cfcfd3af954eeb54cb041fe6d75a983b) Importer(815301076,1909f56bfc062723c751e8b465ee728b)  -> (artifact id: '29e8cbfd73e5a2118f525430884e0f6a') in 0.164825 seconds 
  Import took 0.175560 seconds .

========================================================================
Received Import Request.
  Time since last request: 67.024002 seconds.
  path: Assets/Cainos/Pixel Art Platformer - Village Props/Prefab/PF FX Campfire Fire.prefab
  artifactKey: Guid(2b206c0d2afb3604183d9210be1d84ce) Importer(815301076,1909f56bfc062723c751e8b465ee728b)
Start importing Assets/Cainos/Pixel Art Platformer - Village Props/Prefab/PF FX Campfire Fire.prefab using Guid(2b206c0d2afb3604183d9210be1d84ce) Importer(815301076,1909f56bfc062723c751e8b465ee728b)  -> (artifact id: 'c10249b2c63f130e987ea23e70906569') in 0.056795 seconds 
  Import took 0.063969 seconds .

========================================================================
Received Import Request.
  Time since last request: 0.000421 seconds.
  path: Assets/Cainos/Pixel Art Platformer - Village Props/Prefab/PF FX Torch Fire.prefab
  artifactKey: Guid(4cfc0b96b77f5374a9242d6779dd65bf) Importer(815301076,1909f56bfc062723c751e8b465ee728b)
Start importing Assets/Cainos/Pixel Art Platformer - Village Props/Prefab/PF FX Torch Fire.prefab using Guid(4cfc0b96b77f5374a9242d6779dd65bf) Importer(815301076,1909f56bfc062723c751e8b465ee728b)  -> (artifact id: '1ce17f3f21fc55881a46c719f327a819') in 0.026634 seconds 
  Import took 0.036835 seconds .

========================================================================
Received Import Request.
  Time since last request: 0.000485 seconds.
  path: Assets/Cainos/Pixel Art Platformer - Village Props/Prefab/PF FX Fire Bowl Fire.prefab
  artifactKey: Guid(69e62f89c9d82ba4085d34eeff6f57bc) Importer(815301076,1909f56bfc062723c751e8b465ee728b)
Start importing Assets/Cainos/Pixel Art Platformer - Village Props/Prefab/PF FX Fire Bowl Fire.prefab using Guid(69e62f89c9d82ba4085d34eeff6f57bc) Importer(815301076,1909f56bfc062723c751e8b465ee728b)  -> (artifact id: 'f6be8e04405d0af0aefeb92709d5aa3c') in 0.025136 seconds 
  Import took 0.037430 seconds .

========================================================================
Received Import Request.
  Time since last request: 2.247647 seconds.
  path: Assets/Cainos/Pixel Art Platformer - Village Props/Texture/TX Background Grid.png
  artifactKey: Guid(4525736a9d0538940bce8f13f1227b26) Importer(815301076,1909f56bfc062723c751e8b465ee728b)
Start importing Assets/Cainos/Pixel Art Platformer - Village Props/Texture/TX Background Grid.png using Guid(4525736a9d0538940bce8f13f1227b26) Importer(815301076,1909f56bfc062723c751e8b465ee728b)  -> (artifact id: 'f1356049b4987f1ab94b0ca3938456c5') in 0.039416 seconds 
  Import took 0.046431 seconds .

========================================================================
Received Import Request.
  Time since last request: 0.000420 seconds.
  path: Assets/Cainos/Pixel Art Platformer - Village Props/Texture/TX Tileset Ground.png
  artifactKey: Guid(bb35af95735851440927571ef230221b) Importer(815301076,1909f56bfc062723c751e8b465ee728b)
Start importing Assets/Cainos/Pixel Art Platformer - Village Props/Texture/TX Tileset Ground.png using Guid(bb35af95735851440927571ef230221b) Importer(815301076,1909f56bfc062723c751e8b465ee728b)  -> (artifact id: '8bd5a3b5bd8129f3166c5aa0c662e09c') in 0.213836 seconds 
  Import took 0.223164 seconds .

========================================================================
Received Import Request.
  Time since last request: 0.000369 seconds.
  path: Assets/Cainos/Pixel Art Platformer - Village Props/Texture/TX Village Props.png
  artifactKey: Guid(7810966f0f690954c87305933cabf2b0) Importer(815301076,1909f56bfc062723c751e8b465ee728b)
Start importing Assets/Cainos/Pixel Art Platformer - Village Props/Texture/TX Village Props.png using Guid(7810966f0f690954c87305933cabf2b0) Importer(815301076,1909f56bfc062723c751e8b465ee728b)  -> (artifact id: 'd6df726575e22f6b1de712bc2df7808e') in 0.971344 seconds 
  Import took 0.982111 seconds .

========================================================================
Received Import Request.
  Time since last request: 0.000472 seconds.
  path: Assets/Cainos/Pixel Art Platformer - Village Props/Texture/TX Tileset Ground Darken.png
  artifactKey: Guid(157cbc340d2b7e64ab85168e80e95550) Importer(815301076,1909f56bfc062723c751e8b465ee728b)
Start importing Assets/Cainos/Pixel Art Platformer - Village Props/Texture/TX Tileset Ground Darken.png using Guid(157cbc340d2b7e64ab85168e80e95550) Importer(815301076,1909f56bfc062723c751e8b465ee728b)  -> (artifact id: 'dc2fab95ad34d74c9a64aeb484c286e1') in 0.258148 seconds 
  Import took 0.268153 seconds .

AssetImportWorkerClient::OnTransportError - code=2 error=End of file
